mode: set
github.com/carlosclavijo/Nutricenter-Contracting/internal/application/administrator/handlers/administrator_handler.go:10.133,15.2 1 0
github.com/carlosclavijo/Nutricenter-Contracting/internal/application/administrator/handlers/create_administrator_handler.go:11.146,13.16 2 0
github.com/carlosclavijo/Nutricenter-Contracting/internal/application/administrator/handlers/create_administrator_handler.go:13.16,16.3 2 0
github.com/carlosclavijo/Nutricenter-Contracting/internal/application/administrator/handlers/create_administrator_handler.go:18.2,20.16 2 0
github.com/carlosclavijo/Nutricenter-Contracting/internal/application/administrator/handlers/create_administrator_handler.go:20.16,23.3 2 0
github.com/carlosclavijo/Nutricenter-Contracting/internal/application/administrator/handlers/create_administrator_handler.go:25.2,27.16 2 0
github.com/carlosclavijo/Nutricenter-Contracting/internal/application/administrator/handlers/create_administrator_handler.go:27.16,30.3 2 0
github.com/carlosclavijo/Nutricenter-Contracting/internal/application/administrator/handlers/create_administrator_handler.go:32.2,32.19 1 0
github.com/carlosclavijo/Nutricenter-Contracting/internal/application/administrator/handlers/delete_administrator_handler.go:11.119,12.20 1 0
github.com/carlosclavijo/Nutricenter-Contracting/internal/application/administrator/handlers/delete_administrator_handler.go:12.20,15.3 2 0
github.com/carlosclavijo/Nutricenter-Contracting/internal/application/administrator/handlers/delete_administrator_handler.go:17.2,18.16 2 0
github.com/carlosclavijo/Nutricenter-Contracting/internal/application/administrator/handlers/delete_administrator_handler.go:18.16,21.3 2 0
github.com/carlosclavijo/Nutricenter-Contracting/internal/application/administrator/handlers/delete_administrator_handler.go:21.8,21.19 1 0
github.com/carlosclavijo/Nutricenter-Contracting/internal/application/administrator/handlers/delete_administrator_handler.go:21.19,24.3 2 0
github.com/carlosclavijo/Nutricenter-Contracting/internal/application/administrator/handlers/delete_administrator_handler.go:26.2,27.16 2 0
github.com/carlosclavijo/Nutricenter-Contracting/internal/application/administrator/handlers/delete_administrator_handler.go:27.16,30.3 2 0
github.com/carlosclavijo/Nutricenter-Contracting/internal/application/administrator/handlers/delete_administrator_handler.go:32.2,32.19 1 0
github.com/carlosclavijo/Nutricenter-Contracting/internal/application/administrator/handlers/login_administrator_handler.go:14.144,16.16 2 0
github.com/carlosclavijo/Nutricenter-Contracting/internal/application/administrator/handlers/login_administrator_handler.go:16.16,19.3 2 0
github.com/carlosclavijo/Nutricenter-Contracting/internal/application/administrator/handlers/login_administrator_handler.go:19.8,19.19 1 0
github.com/carlosclavijo/Nutricenter-Contracting/internal/application/administrator/handlers/login_administrator_handler.go:19.19,22.3 2 0
github.com/carlosclavijo/Nutricenter-Contracting/internal/application/administrator/handlers/login_administrator_handler.go:24.2,25.16 2 0
github.com/carlosclavijo/Nutricenter-Contracting/internal/application/administrator/handlers/login_administrator_handler.go:25.16,28.3 2 0
github.com/carlosclavijo/Nutricenter-Contracting/internal/application/administrator/handlers/login_administrator_handler.go:30.2,31.16 2 0
github.com/carlosclavijo/Nutricenter-Contracting/internal/application/administrator/handlers/login_administrator_handler.go:31.16,34.3 2 0
github.com/carlosclavijo/Nutricenter-Contracting/internal/application/administrator/handlers/login_administrator_handler.go:36.2,37.16 2 0
github.com/carlosclavijo/Nutricenter-Contracting/internal/application/administrator/handlers/login_administrator_handler.go:37.16,39.3 1 0
github.com/carlosclavijo/Nutricenter-Contracting/internal/application/administrator/handlers/login_administrator_handler.go:41.2,41.115 1 0
github.com/carlosclavijo/Nutricenter-Contracting/internal/application/administrator/handlers/login_administrator_handler.go:41.115,44.3 2 0
github.com/carlosclavijo/Nutricenter-Contracting/internal/application/administrator/handlers/login_administrator_handler.go:46.2,48.16 3 0
github.com/carlosclavijo/Nutricenter-Contracting/internal/application/administrator/handlers/login_administrator_handler.go:48.16,51.3 2 0
github.com/carlosclavijo/Nutricenter-Contracting/internal/application/administrator/handlers/login_administrator_handler.go:53.2,53.19 1 0
github.com/carlosclavijo/Nutricenter-Contracting/internal/application/administrator/handlers/restore_administrator_handler.go:11.120,12.20 1 0
github.com/carlosclavijo/Nutricenter-Contracting/internal/application/administrator/handlers/restore_administrator_handler.go:12.20,15.3 2 0
github.com/carlosclavijo/Nutricenter-Contracting/internal/application/administrator/handlers/restore_administrator_handler.go:17.2,18.16 2 0
github.com/carlosclavijo/Nutricenter-Contracting/internal/application/administrator/handlers/restore_administrator_handler.go:18.16,21.3 2 0
github.com/carlosclavijo/Nutricenter-Contracting/internal/application/administrator/handlers/restore_administrator_handler.go:21.8,21.19 1 0
github.com/carlosclavijo/Nutricenter-Contracting/internal/application/administrator/handlers/restore_administrator_handler.go:21.19,24.3 2 0
github.com/carlosclavijo/Nutricenter-Contracting/internal/application/administrator/handlers/restore_administrator_handler.go:26.2,27.16 2 0
github.com/carlosclavijo/Nutricenter-Contracting/internal/application/administrator/handlers/restore_administrator_handler.go:27.16,30.3 2 0
github.com/carlosclavijo/Nutricenter-Contracting/internal/application/administrator/handlers/restore_administrator_handler.go:32.2,32.19 1 0
github.com/carlosclavijo/Nutricenter-Contracting/internal/application/administrator/handlers/update_administrator_handler.go:14.146,16.16 2 0
github.com/carlosclavijo/Nutricenter-Contracting/internal/application/administrator/handlers/update_administrator_handler.go:16.16,19.3 2 0
github.com/carlosclavijo/Nutricenter-Contracting/internal/application/administrator/handlers/update_administrator_handler.go:19.8,19.19 1 0
github.com/carlosclavijo/Nutricenter-Contracting/internal/application/administrator/handlers/update_administrator_handler.go:19.19,22.3 2 0
github.com/carlosclavijo/Nutricenter-Contracting/internal/application/administrator/handlers/update_administrator_handler.go:24.2,25.16 2 0
github.com/carlosclavijo/Nutricenter-Contracting/internal/application/administrator/handlers/update_administrator_handler.go:25.16,28.3 2 0
github.com/carlosclavijo/Nutricenter-Contracting/internal/application/administrator/handlers/update_administrator_handler.go:30.2,31.16 2 0
github.com/carlosclavijo/Nutricenter-Contracting/internal/application/administrator/handlers/update_administrator_handler.go:31.16,34.3 2 0
github.com/carlosclavijo/Nutricenter-Contracting/internal/application/administrator/handlers/update_administrator_handler.go:36.2,37.16 2 0
github.com/carlosclavijo/Nutricenter-Contracting/internal/application/administrator/handlers/update_administrator_handler.go:37.16,40.3 2 0
github.com/carlosclavijo/Nutricenter-Contracting/internal/application/administrator/handlers/update_administrator_handler.go:42.2,43.16 2 0
github.com/carlosclavijo/Nutricenter-Contracting/internal/application/administrator/handlers/update_administrator_handler.go:43.16,46.3 2 0
github.com/carlosclavijo/Nutricenter-Contracting/internal/application/administrator/handlers/update_administrator_handler.go:48.2,48.24 1 0
github.com/carlosclavijo/Nutricenter-Contracting/internal/application/administrator/handlers/update_administrator_handler.go:48.24,51.3 2 0
github.com/carlosclavijo/Nutricenter-Contracting/internal/application/administrator/handlers/update_administrator_handler.go:53.2,57.16 4 0
github.com/carlosclavijo/Nutricenter-Contracting/internal/application/administrator/handlers/update_administrator_handler.go:57.16,60.3 2 0
github.com/carlosclavijo/Nutricenter-Contracting/internal/application/administrator/handlers/update_administrator_handler.go:62.2,62.19 1 0
github.com/carlosclavijo/Nutricenter-Contracting/internal/application/patient/handlers/create_patient_handler.go:11.122,13.16 2 0
github.com/carlosclavijo/Nutricenter-Contracting/internal/application/patient/handlers/create_patient_handler.go:13.16,16.3 2 0
github.com/carlosclavijo/Nutricenter-Contracting/internal/application/patient/handlers/create_patient_handler.go:18.2,20.16 2 0
github.com/carlosclavijo/Nutricenter-Contracting/internal/application/patient/handlers/create_patient_handler.go:20.16,23.3 2 0
github.com/carlosclavijo/Nutricenter-Contracting/internal/application/patient/handlers/create_patient_handler.go:25.2,27.16 2 0
github.com/carlosclavijo/Nutricenter-Contracting/internal/application/patient/handlers/create_patient_handler.go:27.16,30.3 2 0
github.com/carlosclavijo/Nutricenter-Contracting/internal/application/patient/handlers/create_patient_handler.go:32.2,32.19 1 0
github.com/carlosclavijo/Nutricenter-Contracting/internal/application/patient/handlers/delete_patient_handler.go:11.101,12.20 1 0
github.com/carlosclavijo/Nutricenter-Contracting/internal/application/patient/handlers/delete_patient_handler.go:12.20,15.3 2 0
github.com/carlosclavijo/Nutricenter-Contracting/internal/application/patient/handlers/delete_patient_handler.go:17.2,18.16 2 0
github.com/carlosclavijo/Nutricenter-Contracting/internal/application/patient/handlers/delete_patient_handler.go:18.16,21.3 2 0
github.com/carlosclavijo/Nutricenter-Contracting/internal/application/patient/handlers/delete_patient_handler.go:21.8,21.19 1 0
github.com/carlosclavijo/Nutricenter-Contracting/internal/application/patient/handlers/delete_patient_handler.go:21.19,24.3 2 0
github.com/carlosclavijo/Nutricenter-Contracting/internal/application/patient/handlers/delete_patient_handler.go:26.2,27.16 2 0
github.com/carlosclavijo/Nutricenter-Contracting/internal/application/patient/handlers/delete_patient_handler.go:27.16,30.3 2 0
github.com/carlosclavijo/Nutricenter-Contracting/internal/application/patient/handlers/delete_patient_handler.go:32.2,32.19 1 0
github.com/carlosclavijo/Nutricenter-Contracting/internal/application/patient/handlers/login_patient_handler.go:14.120,16.16 2 0
github.com/carlosclavijo/Nutricenter-Contracting/internal/application/patient/handlers/login_patient_handler.go:16.16,19.3 2 0
github.com/carlosclavijo/Nutricenter-Contracting/internal/application/patient/handlers/login_patient_handler.go:19.8,19.19 1 0
github.com/carlosclavijo/Nutricenter-Contracting/internal/application/patient/handlers/login_patient_handler.go:19.19,22.3 2 0
github.com/carlosclavijo/Nutricenter-Contracting/internal/application/patient/handlers/login_patient_handler.go:24.2,25.16 2 0
github.com/carlosclavijo/Nutricenter-Contracting/internal/application/patient/handlers/login_patient_handler.go:25.16,28.3 2 0
github.com/carlosclavijo/Nutricenter-Contracting/internal/application/patient/handlers/login_patient_handler.go:30.2,31.16 2 0
github.com/carlosclavijo/Nutricenter-Contracting/internal/application/patient/handlers/login_patient_handler.go:31.16,34.3 2 0
github.com/carlosclavijo/Nutricenter-Contracting/internal/application/patient/handlers/login_patient_handler.go:36.2,37.16 2 0
github.com/carlosclavijo/Nutricenter-Contracting/internal/application/patient/handlers/login_patient_handler.go:37.16,39.3 1 0
github.com/carlosclavijo/Nutricenter-Contracting/internal/application/patient/handlers/login_patient_handler.go:41.2,41.117 1 0
github.com/carlosclavijo/Nutricenter-Contracting/internal/application/patient/handlers/login_patient_handler.go:41.117,44.3 2 0
github.com/carlosclavijo/Nutricenter-Contracting/internal/application/patient/handlers/login_patient_handler.go:46.2,48.16 3 0
github.com/carlosclavijo/Nutricenter-Contracting/internal/application/patient/handlers/login_patient_handler.go:48.16,51.3 2 0
github.com/carlosclavijo/Nutricenter-Contracting/internal/application/patient/handlers/login_patient_handler.go:53.2,53.21 1 0
github.com/carlosclavijo/Nutricenter-Contracting/internal/application/patient/handlers/patient_handler.go:10.97,15.2 1 0
github.com/carlosclavijo/Nutricenter-Contracting/internal/application/patient/handlers/restore_patient_handler.go:11.102,12.20 1 0
github.com/carlosclavijo/Nutricenter-Contracting/internal/application/patient/handlers/restore_patient_handler.go:12.20,15.3 2 0
github.com/carlosclavijo/Nutricenter-Contracting/internal/application/patient/handlers/restore_patient_handler.go:17.2,18.16 2 0
github.com/carlosclavijo/Nutricenter-Contracting/internal/application/patient/handlers/restore_patient_handler.go:18.16,21.3 2 0
github.com/carlosclavijo/Nutricenter-Contracting/internal/application/patient/handlers/restore_patient_handler.go:21.8,21.19 1 0
github.com/carlosclavijo/Nutricenter-Contracting/internal/application/patient/handlers/restore_patient_handler.go:21.19,24.3 2 0
github.com/carlosclavijo/Nutricenter-Contracting/internal/application/patient/handlers/restore_patient_handler.go:26.2,27.16 2 0
github.com/carlosclavijo/Nutricenter-Contracting/internal/application/patient/handlers/restore_patient_handler.go:27.16,30.3 2 0
github.com/carlosclavijo/Nutricenter-Contracting/internal/application/patient/handlers/restore_patient_handler.go:32.2,32.19 1 0
github.com/carlosclavijo/Nutricenter-Contracting/internal/application/patient/handlers/update_patient_handler.go:14.122,16.16 2 0
github.com/carlosclavijo/Nutricenter-Contracting/internal/application/patient/handlers/update_patient_handler.go:16.16,19.3 2 0
github.com/carlosclavijo/Nutricenter-Contracting/internal/application/patient/handlers/update_patient_handler.go:19.8,19.19 1 0
github.com/carlosclavijo/Nutricenter-Contracting/internal/application/patient/handlers/update_patient_handler.go:19.19,22.3 2 0
github.com/carlosclavijo/Nutricenter-Contracting/internal/application/patient/handlers/update_patient_handler.go:24.2,25.16 2 0
github.com/carlosclavijo/Nutricenter-Contracting/internal/application/patient/handlers/update_patient_handler.go:25.16,28.3 2 0
github.com/carlosclavijo/Nutricenter-Contracting/internal/application/patient/handlers/update_patient_handler.go:30.2,31.16 2 0
github.com/carlosclavijo/Nutricenter-Contracting/internal/application/patient/handlers/update_patient_handler.go:31.16,34.3 2 0
github.com/carlosclavijo/Nutricenter-Contracting/internal/application/patient/handlers/update_patient_handler.go:36.2,37.16 2 0
github.com/carlosclavijo/Nutricenter-Contracting/internal/application/patient/handlers/update_patient_handler.go:37.16,40.3 2 0
github.com/carlosclavijo/Nutricenter-Contracting/internal/application/patient/handlers/update_patient_handler.go:42.2,43.16 2 0
github.com/carlosclavijo/Nutricenter-Contracting/internal/application/patient/handlers/update_patient_handler.go:43.16,46.3 2 0
github.com/carlosclavijo/Nutricenter-Contracting/internal/application/patient/handlers/update_patient_handler.go:48.2,48.24 1 0
github.com/carlosclavijo/Nutricenter-Contracting/internal/application/patient/handlers/update_patient_handler.go:48.24,51.3 2 0
github.com/carlosclavijo/Nutricenter-Contracting/internal/application/patient/handlers/update_patient_handler.go:53.2,57.16 4 0
github.com/carlosclavijo/Nutricenter-Contracting/internal/application/patient/handlers/update_patient_handler.go:57.16,60.3 2 0
github.com/carlosclavijo/Nutricenter-Contracting/internal/application/patient/handlers/update_patient_handler.go:62.2,62.21 1 0
github.com/carlosclavijo/Nutricenter-Contracting/cmd/web/main.go:13.13,17.16 3 0
github.com/carlosclavijo/Nutricenter-Contracting/cmd/web/main.go:17.16,20.3 2 0
github.com/carlosclavijo/Nutricenter-Contracting/cmd/web/main.go:22.2,25.16 3 0
github.com/carlosclavijo/Nutricenter-Contracting/cmd/web/main.go:25.16,28.3 2 0
github.com/carlosclavijo/Nutricenter-Contracting/internal/application/contract/handlers/contract_handler.go:10.103,15.2 1 0
github.com/carlosclavijo/Nutricenter-Contracting/internal/application/contract/handlers/create_contract_handler.go:10.126,12.16 2 0
github.com/carlosclavijo/Nutricenter-Contracting/internal/application/contract/handlers/create_contract_handler.go:12.16,15.3 2 0
github.com/carlosclavijo/Nutricenter-Contracting/internal/application/contract/handlers/create_contract_handler.go:17.2,18.16 2 0
github.com/carlosclavijo/Nutricenter-Contracting/internal/application/contract/handlers/create_contract_handler.go:18.16,21.3 2 0
github.com/carlosclavijo/Nutricenter-Contracting/internal/application/contract/handlers/create_contract_handler.go:23.2,23.29 1 0
github.com/carlosclavijo/Nutricenter-Contracting/internal/domain/abstractions/aggregate_root.go:9.52,11.2 1 0
github.com/carlosclavijo/Nutricenter-Contracting/internal/domain/abstractions/domain_event.go:13.36,18.2 1 1
github.com/carlosclavijo/Nutricenter-Contracting/internal/domain/abstractions/domain_event.go:20.38,22.2 1 1
github.com/carlosclavijo/Nutricenter-Contracting/internal/domain/abstractions/domain_event.go:24.46,26.2 1 1
github.com/carlosclavijo/Nutricenter-Contracting/internal/domain/abstractions/entity.go:12.38,17.2 1 0
github.com/carlosclavijo/Nutricenter-Contracting/internal/domain/abstractions/entity.go:19.52,21.2 1 0
github.com/carlosclavijo/Nutricenter-Contracting/internal/domain/abstractions/entity.go:23.38,25.2 1 0
github.com/carlosclavijo/Nutricenter-Contracting/internal/domain/administrator/administrator.go:25.157,36.2 1 0
github.com/carlosclavijo/Nutricenter-Contracting/internal/domain/administrator/administrator.go:38.44,40.2 1 0
github.com/carlosclavijo/Nutricenter-Contracting/internal/domain/administrator/administrator.go:42.48,44.2 1 0
github.com/carlosclavijo/Nutricenter-Contracting/internal/domain/administrator/administrator.go:46.47,48.2 1 0
github.com/carlosclavijo/Nutricenter-Contracting/internal/domain/administrator/administrator.go:50.46,52.2 1 0
github.com/carlosclavijo/Nutricenter-Contracting/internal/domain/administrator/administrator.go:54.52,56.2 1 0
github.com/carlosclavijo/Nutricenter-Contracting/internal/domain/administrator/administrator.go:58.45,60.2 1 0
github.com/carlosclavijo/Nutricenter-Contracting/internal/domain/administrator/administrator.go:62.51,64.2 1 0
github.com/carlosclavijo/Nutricenter-Contracting/internal/domain/administrator/administrator.go:66.47,68.2 1 0
github.com/carlosclavijo/Nutricenter-Contracting/internal/domain/administrator/administrator.go:70.51,72.2 1 0
github.com/carlosclavijo/Nutricenter-Contracting/internal/domain/administrator/administrator.go:74.211,94.2 5 0
github.com/carlosclavijo/Nutricenter-Contracting/internal/domain/administrator/administrator_factory.go:17.148,18.21 1 0
github.com/carlosclavijo/Nutricenter-Contracting/internal/domain/administrator/administrator_factory.go:18.21,21.3 2 0
github.com/carlosclavijo/Nutricenter-Contracting/internal/domain/administrator/administrator_factory.go:22.2,22.20 1 0
github.com/carlosclavijo/Nutricenter-Contracting/internal/domain/administrator/administrator_factory.go:22.20,25.3 2 0
github.com/carlosclavijo/Nutricenter-Contracting/internal/domain/administrator/administrator_factory.go:26.2,26.18 1 0
github.com/carlosclavijo/Nutricenter-Contracting/internal/domain/administrator/administrator_factory.go:26.18,29.3 2 0
github.com/carlosclavijo/Nutricenter-Contracting/internal/domain/administrator/administrator_factory.go:31.2,32.16 2 0
github.com/carlosclavijo/Nutricenter-Contracting/internal/domain/administrator/administrator_factory.go:32.16,35.3 2 0
github.com/carlosclavijo/Nutricenter-Contracting/internal/domain/administrator/administrator_factory.go:36.2,37.16 2 0
github.com/carlosclavijo/Nutricenter-Contracting/internal/domain/administrator/administrator_factory.go:37.16,40.3 2 0
github.com/carlosclavijo/Nutricenter-Contracting/internal/domain/administrator/administrator_factory.go:41.2,42.16 2 0
github.com/carlosclavijo/Nutricenter-Contracting/internal/domain/administrator/administrator_factory.go:42.16,45.3 2 0
github.com/carlosclavijo/Nutricenter-Contracting/internal/domain/administrator/administrator_factory.go:46.2,47.16 2 0
github.com/carlosclavijo/Nutricenter-Contracting/internal/domain/administrator/administrator_factory.go:47.16,50.3 2 0
github.com/carlosclavijo/Nutricenter-Contracting/internal/domain/administrator/administrator_factory.go:52.2,52.26 1 0
github.com/carlosclavijo/Nutricenter-Contracting/internal/domain/administrator/administrator_factory.go:52.26,55.3 2 0
github.com/carlosclavijo/Nutricenter-Contracting/internal/domain/administrator/administrator_factory.go:56.2,56.25 1 0
github.com/carlosclavijo/Nutricenter-Contracting/internal/domain/administrator/administrator_factory.go:56.25,59.3 2 0
github.com/carlosclavijo/Nutricenter-Contracting/internal/domain/administrator/administrator_factory.go:60.2,60.22 1 0
github.com/carlosclavijo/Nutricenter-Contracting/internal/domain/administrator/administrator_factory.go:60.22,63.3 2 0
github.com/carlosclavijo/Nutricenter-Contracting/internal/domain/administrator/administrator_factory.go:64.2,64.53 1 0
github.com/carlosclavijo/Nutricenter-Contracting/internal/domain/administrator/administrator_factory.go:64.53,67.3 2 0
github.com/carlosclavijo/Nutricenter-Contracting/internal/domain/administrator/administrator_factory.go:68.2,68.25 1 0
github.com/carlosclavijo/Nutricenter-Contracting/internal/domain/administrator/administrator_factory.go:68.25,71.3 2 0
github.com/carlosclavijo/Nutricenter-Contracting/internal/domain/administrator/administrator_factory.go:72.2,72.24 1 0
github.com/carlosclavijo/Nutricenter-Contracting/internal/domain/administrator/administrator_factory.go:72.24,75.3 2 0
github.com/carlosclavijo/Nutricenter-Contracting/internal/domain/administrator/administrator_factory.go:76.2,77.98 2 0
github.com/carlosclavijo/Nutricenter-Contracting/internal/domain/administrator/administrator_factory.go:80.53,82.2 1 0
github.com/carlosclavijo/Nutricenter-Contracting/internal/domain/administrator/administrator_factory.go:84.29,85.22 1 0
github.com/carlosclavijo/Nutricenter-Contracting/internal/domain/administrator/administrator_factory.go:85.22,86.39 1 0
github.com/carlosclavijo/Nutricenter-Contracting/internal/domain/administrator/administrator_factory.go:86.39,88.4 1 0
github.com/carlosclavijo/Nutricenter-Contracting/internal/domain/administrator/administrator_factory.go:90.2,90.13 1 0
github.com/carlosclavijo/Nutricenter-Contracting/internal/domain/contract/contract.go:27.162,40.2 2 0
github.com/carlosclavijo/Nutricenter-Contracting/internal/domain/contract/contract.go:42.126,44.22 2 0
github.com/carlosclavijo/Nutricenter-Contracting/internal/domain/contract/contract.go:44.22,45.27 1 0
github.com/carlosclavijo/Nutricenter-Contracting/internal/domain/contract/contract.go:45.27,48.4 2 0
github.com/carlosclavijo/Nutricenter-Contracting/internal/domain/contract/contract.go:49.8,49.27 1 0
github.com/carlosclavijo/Nutricenter-Contracting/internal/domain/contract/contract.go:49.27,50.27 1 0
github.com/carlosclavijo/Nutricenter-Contracting/internal/domain/contract/contract.go:50.27,53.4 2 0
github.com/carlosclavijo/Nutricenter-Contracting/internal/domain/contract/contract.go:55.2,55.13 1 0
github.com/carlosclavijo/Nutricenter-Contracting/internal/domain/contract/contract.go:58.39,59.33 1 0
github.com/carlosclavijo/Nutricenter-Contracting/internal/domain/contract/contract.go:59.33,61.3 1 0
github.com/carlosclavijo/Nutricenter-Contracting/internal/domain/contract/contract.go:62.2,63.12 2 0
github.com/carlosclavijo/Nutricenter-Contracting/internal/domain/contract/contract.go:66.38,67.36 1 0
github.com/carlosclavijo/Nutricenter-Contracting/internal/domain/contract/contract.go:67.36,69.3 1 0
github.com/carlosclavijo/Nutricenter-Contracting/internal/domain/contract/contract.go:70.2,71.12 2 0
github.com/carlosclavijo/Nutricenter-Contracting/internal/domain/contract/contract.go:74.35,76.2 1 0
github.com/carlosclavijo/Nutricenter-Contracting/internal/domain/contract/contract.go:78.48,80.2 1 0
github.com/carlosclavijo/Nutricenter-Contracting/internal/domain/contract/contract.go:82.42,84.2 1 0
github.com/carlosclavijo/Nutricenter-Contracting/internal/domain/contract/contract.go:86.48,88.2 1 0
github.com/carlosclavijo/Nutricenter-Contracting/internal/domain/contract/contract.go:90.52,92.2 1 0
github.com/carlosclavijo/Nutricenter-Contracting/internal/domain/contract/contract.go:94.45,96.2 1 0
github.com/carlosclavijo/Nutricenter-Contracting/internal/domain/contract/contract.go:98.42,100.2 1 0
github.com/carlosclavijo/Nutricenter-Contracting/internal/domain/contract/contract.go:102.41,104.2 1 0
github.com/carlosclavijo/Nutricenter-Contracting/internal/domain/contract/contract.go:106.36,108.2 1 0
github.com/carlosclavijo/Nutricenter-Contracting/internal/domain/contract/contract.go:110.55,112.2 1 0
github.com/carlosclavijo/Nutricenter-Contracting/internal/domain/contract/contract.go:114.190,130.2 1 0
github.com/carlosclavijo/Nutricenter-Contracting/internal/domain/contract/contract_factory.go:16.171,17.33 1 0
github.com/carlosclavijo/Nutricenter-Contracting/internal/domain/contract/contract_factory.go:17.33,20.3 2 0
github.com/carlosclavijo/Nutricenter-Contracting/internal/domain/contract/contract_factory.go:21.2,21.27 1 0
github.com/carlosclavijo/Nutricenter-Contracting/internal/domain/contract/contract_factory.go:21.27,24.3 2 0
github.com/carlosclavijo/Nutricenter-Contracting/internal/domain/contract/contract_factory.go:25.2,25.24 1 0
github.com/carlosclavijo/Nutricenter-Contracting/internal/domain/contract/contract_factory.go:25.24,28.3 2 0
github.com/carlosclavijo/Nutricenter-Contracting/internal/domain/contract/contract_factory.go:29.2,29.58 1 0
github.com/carlosclavijo/Nutricenter-Contracting/internal/domain/contract/contract_factory.go:29.58,32.3 2 0
github.com/carlosclavijo/Nutricenter-Contracting/internal/domain/contract/contract_factory.go:33.2,33.39 1 0
github.com/carlosclavijo/Nutricenter-Contracting/internal/domain/contract/contract_factory.go:33.39,36.3 2 0
github.com/carlosclavijo/Nutricenter-Contracting/internal/domain/contract/contract_factory.go:37.2,37.15 1 0
github.com/carlosclavijo/Nutricenter-Contracting/internal/domain/contract/contract_factory.go:37.15,40.3 2 0
github.com/carlosclavijo/Nutricenter-Contracting/internal/domain/contract/contract_factory.go:41.2,41.18 1 0
github.com/carlosclavijo/Nutricenter-Contracting/internal/domain/contract/contract_factory.go:41.18,44.3 2 0
github.com/carlosclavijo/Nutricenter-Contracting/internal/domain/contract/contract_factory.go:45.2,45.17 1 0
github.com/carlosclavijo/Nutricenter-Contracting/internal/domain/contract/contract_factory.go:45.17,48.3 2 0
github.com/carlosclavijo/Nutricenter-Contracting/internal/domain/contract/contract_factory.go:49.2,50.96 2 0
github.com/carlosclavijo/Nutricenter-Contracting/internal/domain/contract/contract_factory.go:53.53,60.2 5 0
github.com/carlosclavijo/Nutricenter-Contracting/internal/domain/contract/contract_factory.go:62.43,64.2 1 0
github.com/carlosclavijo/Nutricenter-Contracting/internal/domain/contract/contract_status.go:13.60,14.11 1 0
github.com/carlosclavijo/Nutricenter-Contracting/internal/domain/contract/contract_status.go:15.17,16.22 1 0
github.com/carlosclavijo/Nutricenter-Contracting/internal/domain/contract/contract_status.go:17.20,18.25 1 0
github.com/carlosclavijo/Nutricenter-Contracting/internal/domain/contract/contract_status.go:19.19,20.24 1 0
github.com/carlosclavijo/Nutricenter-Contracting/internal/domain/contract/contract_status.go:21.10,22.58 1 0
github.com/carlosclavijo/Nutricenter-Contracting/internal/domain/contract/contract_type.go:14.56,15.11 1 0
github.com/carlosclavijo/Nutricenter-Contracting/internal/domain/contract/contract_type.go:16.17,17.22 1 0
github.com/carlosclavijo/Nutricenter-Contracting/internal/domain/contract/contract_type.go:18.20,19.24 1 0
github.com/carlosclavijo/Nutricenter-Contracting/internal/domain/contract/contract_type.go:20.10,21.57 1 0
github.com/carlosclavijo/Nutricenter-Contracting/internal/infrastructure/handlers/administrator/administrator_handler.go:10.133,15.2 1 0
github.com/carlosclavijo/Nutricenter-Contracting/internal/infrastructure/handlers/administrator/count_active_administrators_handler.go:9.130,11.16 2 0
github.com/carlosclavijo/Nutricenter-Contracting/internal/infrastructure/handlers/administrator/count_active_administrators_handler.go:11.16,14.3 2 0
github.com/carlosclavijo/Nutricenter-Contracting/internal/infrastructure/handlers/administrator/count_active_administrators_handler.go:15.2,15.19 1 0
github.com/carlosclavijo/Nutricenter-Contracting/internal/infrastructure/handlers/administrator/count_all_administrators_handler.go:9.122,11.16 2 0
github.com/carlosclavijo/Nutricenter-Contracting/internal/infrastructure/handlers/administrator/count_all_administrators_handler.go:11.16,14.3 2 0
github.com/carlosclavijo/Nutricenter-Contracting/internal/infrastructure/handlers/administrator/count_all_administrators_handler.go:15.2,15.19 1 0
github.com/carlosclavijo/Nutricenter-Contracting/internal/infrastructure/handlers/administrator/count_deleted_administrators_handler.go:9.130,11.16 2 0
github.com/carlosclavijo/Nutricenter-Contracting/internal/infrastructure/handlers/administrator/count_deleted_administrators_handler.go:11.16,14.3 2 0
github.com/carlosclavijo/Nutricenter-Contracting/internal/infrastructure/handlers/administrator/count_deleted_administrators_handler.go:15.2,15.19 1 0
github.com/carlosclavijo/Nutricenter-Contracting/internal/infrastructure/handlers/administrator/exist_administrator_by_email.go:9.130,11.16 2 0
github.com/carlosclavijo/Nutricenter-Contracting/internal/infrastructure/handlers/administrator/exist_administrator_by_email.go:11.16,14.3 2 0
github.com/carlosclavijo/Nutricenter-Contracting/internal/infrastructure/handlers/administrator/exist_administrator_by_email.go:15.2,15.19 1 0
github.com/carlosclavijo/Nutricenter-Contracting/internal/infrastructure/handlers/administrator/exist_administrator_by_id_handler.go:9.124,11.16 2 0
github.com/carlosclavijo/Nutricenter-Contracting/internal/infrastructure/handlers/administrator/exist_administrator_by_id_handler.go:11.16,14.3 2 0
github.com/carlosclavijo/Nutricenter-Contracting/internal/infrastructure/handlers/administrator/exist_administrator_by_id_handler.go:15.2,15.19 1 0
github.com/carlosclavijo/Nutricenter-Contracting/internal/infrastructure/handlers/administrator/get_administrator_by_email_handler.go:10.151,12.16 2 0
github.com/carlosclavijo/Nutricenter-Contracting/internal/infrastructure/handlers/administrator/get_administrator_by_email_handler.go:12.16,15.3 2 0
github.com/carlosclavijo/Nutricenter-Contracting/internal/infrastructure/handlers/administrator/get_administrator_by_email_handler.go:16.2,16.27 1 0
github.com/carlosclavijo/Nutricenter-Contracting/internal/infrastructure/handlers/administrator/get_administrator_by_id_handler.go:10.137,12.16 2 0
github.com/carlosclavijo/Nutricenter-Contracting/internal/infrastructure/handlers/administrator/get_administrator_by_id_handler.go:12.16,15.3 2 0
github.com/carlosclavijo/Nutricenter-Contracting/internal/infrastructure/handlers/administrator/get_administrator_by_id_handler.go:16.2,16.28 1 0
github.com/carlosclavijo/Nutricenter-Contracting/internal/infrastructure/handlers/administrator/get_all_administrators_handler.go:10.138,12.16 2 0
github.com/carlosclavijo/Nutricenter-Contracting/internal/infrastructure/handlers/administrator/get_all_administrators_handler.go:12.16,15.3 2 0
github.com/carlosclavijo/Nutricenter-Contracting/internal/infrastructure/handlers/administrator/get_all_administrators_handler.go:16.2,16.28 1 0
github.com/carlosclavijo/Nutricenter-Contracting/internal/infrastructure/handlers/administrator/get_list_administrators_handler.go:10.140,12.16 2 0
github.com/carlosclavijo/Nutricenter-Contracting/internal/infrastructure/handlers/administrator/get_list_administrators_handler.go:12.16,15.3 2 0
github.com/carlosclavijo/Nutricenter-Contracting/internal/infrastructure/handlers/administrator/get_list_administrators_handler.go:16.2,16.28 1 0
github.com/carlosclavijo/Nutricenter-Contracting/internal/domain/valueobjects/birth_date.go:13.53,14.14 1 0
github.com/carlosclavijo/Nutricenter-Contracting/internal/domain/valueobjects/birth_date.go:14.14,16.3 1 0
github.com/carlosclavijo/Nutricenter-Contracting/internal/domain/valueobjects/birth_date.go:16.8,16.32 1 0
github.com/carlosclavijo/Nutricenter-Contracting/internal/domain/valueobjects/birth_date.go:16.32,19.3 2 0
github.com/carlosclavijo/Nutricenter-Contracting/internal/domain/valueobjects/birth_date.go:19.8,19.27 1 0
github.com/carlosclavijo/Nutricenter-Contracting/internal/domain/valueobjects/birth_date.go:19.27,22.3 2 0
github.com/carlosclavijo/Nutricenter-Contracting/internal/domain/valueobjects/birth_date.go:23.2,23.34 1 0
github.com/carlosclavijo/Nutricenter-Contracting/internal/domain/valueobjects/birth_date.go:26.39,27.20 1 0
github.com/carlosclavijo/Nutricenter-Contracting/internal/domain/valueobjects/birth_date.go:27.20,29.3 1 0
github.com/carlosclavijo/Nutricenter-Contracting/internal/domain/valueobjects/birth_date.go:30.2,30.16 1 0
github.com/carlosclavijo/Nutricenter-Contracting/internal/domain/valueobjects/birth_date.go:33.34,36.2 2 0
github.com/carlosclavijo/Nutricenter-Contracting/internal/domain/valueobjects/email.go:13.40,14.13 1 0
github.com/carlosclavijo/Nutricenter-Contracting/internal/domain/valueobjects/email.go:14.13,17.3 2 0
github.com/carlosclavijo/Nutricenter-Contracting/internal/domain/valueobjects/email.go:18.2,18.22 1 0
github.com/carlosclavijo/Nutricenter-Contracting/internal/domain/valueobjects/email.go:18.22,21.3 2 0
github.com/carlosclavijo/Nutricenter-Contracting/internal/domain/valueobjects/email.go:21.8,21.25 1 0
github.com/carlosclavijo/Nutricenter-Contracting/internal/domain/valueobjects/email.go:21.25,24.3 2 0
github.com/carlosclavijo/Nutricenter-Contracting/internal/domain/valueobjects/email.go:25.2,25.29 1 0
github.com/carlosclavijo/Nutricenter-Contracting/internal/domain/valueobjects/email.go:28.31,30.2 1 0
github.com/carlosclavijo/Nutricenter-Contracting/internal/domain/valueobjects/email.go:32.38,35.2 2 0
github.com/carlosclavijo/Nutricenter-Contracting/internal/domain/valueobjects/password.go:13.46,14.13 1 0
github.com/carlosclavijo/Nutricenter-Contracting/internal/domain/valueobjects/password.go:14.13,17.3 2 0
github.com/carlosclavijo/Nutricenter-Contracting/internal/domain/valueobjects/password.go:17.8,17.24 1 0
github.com/carlosclavijo/Nutricenter-Contracting/internal/domain/valueobjects/password.go:17.24,20.3 2 0
github.com/carlosclavijo/Nutricenter-Contracting/internal/domain/valueobjects/password.go:20.8,20.23 1 0
github.com/carlosclavijo/Nutricenter-Contracting/internal/domain/valueobjects/password.go:20.23,23.3 2 0
github.com/carlosclavijo/Nutricenter-Contracting/internal/domain/valueobjects/password.go:23.8,23.33 1 0
github.com/carlosclavijo/Nutricenter-Contracting/internal/domain/valueobjects/password.go:23.33,26.3 2 0
github.com/carlosclavijo/Nutricenter-Contracting/internal/domain/valueobjects/password.go:27.2,27.25 1 0
github.com/carlosclavijo/Nutricenter-Contracting/internal/domain/valueobjects/password.go:30.35,32.2 1 0
github.com/carlosclavijo/Nutricenter-Contracting/internal/domain/valueobjects/password.go:34.38,41.2 5 0
github.com/carlosclavijo/Nutricenter-Contracting/internal/domain/valueobjects/phone.go:13.42,14.14 1 0
github.com/carlosclavijo/Nutricenter-Contracting/internal/domain/valueobjects/phone.go:14.14,16.3 1 0
github.com/carlosclavijo/Nutricenter-Contracting/internal/domain/valueobjects/phone.go:16.8,16.27 1 0
github.com/carlosclavijo/Nutricenter-Contracting/internal/domain/valueobjects/phone.go:16.27,19.3 2 0
github.com/carlosclavijo/Nutricenter-Contracting/internal/domain/valueobjects/phone.go:19.8,19.25 1 0
github.com/carlosclavijo/Nutricenter-Contracting/internal/domain/valueobjects/phone.go:19.25,22.3 2 0
github.com/carlosclavijo/Nutricenter-Contracting/internal/domain/valueobjects/phone.go:23.2,23.30 1 0
github.com/carlosclavijo/Nutricenter-Contracting/internal/domain/valueobjects/phone.go:26.33,27.20 1 0
github.com/carlosclavijo/Nutricenter-Contracting/internal/domain/valueobjects/phone.go:27.20,29.3 1 0
github.com/carlosclavijo/Nutricenter-Contracting/internal/domain/valueobjects/phone.go:30.2,30.16 1 0
github.com/carlosclavijo/Nutricenter-Contracting/internal/domain/valueobjects/phone.go:33.33,34.24 1 0
github.com/carlosclavijo/Nutricenter-Contracting/internal/domain/valueobjects/phone.go:34.24,35.26 1 0
github.com/carlosclavijo/Nutricenter-Contracting/internal/domain/valueobjects/phone.go:35.26,37.4 1 0
github.com/carlosclavijo/Nutricenter-Contracting/internal/domain/valueobjects/phone.go:39.2,39.13 1 0
github.com/carlosclavijo/Nutricenter-Contracting/internal/domain/delivery/delivery.go:20.93,28.2 1 0
github.com/carlosclavijo/Nutricenter-Contracting/internal/domain/delivery/delivery.go:30.35,32.2 1 0
github.com/carlosclavijo/Nutricenter-Contracting/internal/domain/delivery/delivery.go:34.43,36.2 1 0
github.com/carlosclavijo/Nutricenter-Contracting/internal/domain/delivery/delivery.go:38.37,40.2 1 0
github.com/carlosclavijo/Nutricenter-Contracting/internal/domain/delivery/delivery.go:42.36,44.2 1 0
github.com/carlosclavijo/Nutricenter-Contracting/internal/domain/delivery/delivery.go:46.33,48.2 1 0
github.com/carlosclavijo/Nutricenter-Contracting/internal/domain/delivery/delivery.go:50.54,53.2 2 0
github.com/carlosclavijo/Nutricenter-Contracting/internal/domain/delivery/delivery.go:55.30,57.2 0 0
github.com/carlosclavijo/Nutricenter-Contracting/internal/domain/patient/patient.go:25.145,36.2 1 0
github.com/carlosclavijo/Nutricenter-Contracting/internal/domain/patient/patient.go:38.38,40.2 1 0
github.com/carlosclavijo/Nutricenter-Contracting/internal/domain/patient/patient.go:42.42,44.2 1 0
github.com/carlosclavijo/Nutricenter-Contracting/internal/domain/patient/patient.go:46.41,48.2 1 0
github.com/carlosclavijo/Nutricenter-Contracting/internal/domain/patient/patient.go:50.40,52.2 1 0
github.com/carlosclavijo/Nutricenter-Contracting/internal/domain/patient/patient.go:54.46,56.2 1 0
github.com/carlosclavijo/Nutricenter-Contracting/internal/domain/patient/patient.go:58.39,60.2 1 0
github.com/carlosclavijo/Nutricenter-Contracting/internal/domain/patient/patient.go:62.45,64.2 1 0
github.com/carlosclavijo/Nutricenter-Contracting/internal/domain/patient/patient.go:66.41,68.2 1 0
github.com/carlosclavijo/Nutricenter-Contracting/internal/domain/patient/patient.go:70.45,72.2 1 0
github.com/carlosclavijo/Nutricenter-Contracting/internal/domain/patient/patient.go:74.199,94.2 5 0
github.com/carlosclavijo/Nutricenter-Contracting/internal/domain/patient/patient_factory.go:17.136,18.21 1 0
github.com/carlosclavijo/Nutricenter-Contracting/internal/domain/patient/patient_factory.go:18.21,21.3 2 0
github.com/carlosclavijo/Nutricenter-Contracting/internal/domain/patient/patient_factory.go:22.2,22.20 1 0
github.com/carlosclavijo/Nutricenter-Contracting/internal/domain/patient/patient_factory.go:22.20,25.3 2 0
github.com/carlosclavijo/Nutricenter-Contracting/internal/domain/patient/patient_factory.go:26.2,26.18 1 0
github.com/carlosclavijo/Nutricenter-Contracting/internal/domain/patient/patient_factory.go:26.18,29.3 2 0
github.com/carlosclavijo/Nutricenter-Contracting/internal/domain/patient/patient_factory.go:31.2,32.16 2 0
github.com/carlosclavijo/Nutricenter-Contracting/internal/domain/patient/patient_factory.go:32.16,35.3 2 0
github.com/carlosclavijo/Nutricenter-Contracting/internal/domain/patient/patient_factory.go:36.2,37.16 2 0
github.com/carlosclavijo/Nutricenter-Contracting/internal/domain/patient/patient_factory.go:37.16,40.3 2 0
github.com/carlosclavijo/Nutricenter-Contracting/internal/domain/patient/patient_factory.go:41.2,42.16 2 0
github.com/carlosclavijo/Nutricenter-Contracting/internal/domain/patient/patient_factory.go:42.16,45.3 2 0
github.com/carlosclavijo/Nutricenter-Contracting/internal/domain/patient/patient_factory.go:46.2,47.16 2 0
github.com/carlosclavijo/Nutricenter-Contracting/internal/domain/patient/patient_factory.go:47.16,50.3 2 0
github.com/carlosclavijo/Nutricenter-Contracting/internal/domain/patient/patient_factory.go:52.2,52.26 1 0
github.com/carlosclavijo/Nutricenter-Contracting/internal/domain/patient/patient_factory.go:52.26,55.3 2 0
github.com/carlosclavijo/Nutricenter-Contracting/internal/domain/patient/patient_factory.go:56.2,56.25 1 0
github.com/carlosclavijo/Nutricenter-Contracting/internal/domain/patient/patient_factory.go:56.25,59.3 2 0
github.com/carlosclavijo/Nutricenter-Contracting/internal/domain/patient/patient_factory.go:60.2,60.22 1 0
github.com/carlosclavijo/Nutricenter-Contracting/internal/domain/patient/patient_factory.go:60.22,63.3 2 0
github.com/carlosclavijo/Nutricenter-Contracting/internal/domain/patient/patient_factory.go:64.2,64.53 1 0
github.com/carlosclavijo/Nutricenter-Contracting/internal/domain/patient/patient_factory.go:64.53,67.3 2 0
github.com/carlosclavijo/Nutricenter-Contracting/internal/domain/patient/patient_factory.go:68.2,68.25 1 0
github.com/carlosclavijo/Nutricenter-Contracting/internal/domain/patient/patient_factory.go:68.25,71.3 2 0
github.com/carlosclavijo/Nutricenter-Contracting/internal/domain/patient/patient_factory.go:72.2,72.24 1 0
github.com/carlosclavijo/Nutricenter-Contracting/internal/domain/patient/patient_factory.go:72.24,75.3 2 0
github.com/carlosclavijo/Nutricenter-Contracting/internal/domain/patient/patient_factory.go:76.2,77.92 2 0
github.com/carlosclavijo/Nutricenter-Contracting/internal/domain/patient/patient_factory.go:80.41,82.2 1 0
github.com/carlosclavijo/Nutricenter-Contracting/internal/domain/patient/patient_factory.go:84.29,85.22 1 0
github.com/carlosclavijo/Nutricenter-Contracting/internal/domain/patient/patient_factory.go:85.22,86.39 1 0
github.com/carlosclavijo/Nutricenter-Contracting/internal/domain/patient/patient_factory.go:86.39,88.4 1 0
github.com/carlosclavijo/Nutricenter-Contracting/internal/domain/patient/patient_factory.go:90.2,90.13 1 0
github.com/carlosclavijo/Nutricenter-Contracting/internal/infrastructure/handlers/patient/count_active_patients_handler.go:9.116,11.16 2 0
github.com/carlosclavijo/Nutricenter-Contracting/internal/infrastructure/handlers/patient/count_active_patients_handler.go:11.16,14.3 2 0
github.com/carlosclavijo/Nutricenter-Contracting/internal/infrastructure/handlers/patient/count_active_patients_handler.go:15.2,15.19 1 0
github.com/carlosclavijo/Nutricenter-Contracting/internal/infrastructure/handlers/patient/count_all_patients_handler.go:9.110,11.16 2 0
github.com/carlosclavijo/Nutricenter-Contracting/internal/infrastructure/handlers/patient/count_all_patients_handler.go:11.16,14.3 2 0
github.com/carlosclavijo/Nutricenter-Contracting/internal/infrastructure/handlers/patient/count_all_patients_handler.go:15.2,15.19 1 0
github.com/carlosclavijo/Nutricenter-Contracting/internal/infrastructure/handlers/patient/count_deleted_patients_handler.go:9.118,11.16 2 0
github.com/carlosclavijo/Nutricenter-Contracting/internal/infrastructure/handlers/patient/count_deleted_patients_handler.go:11.16,14.3 2 0
github.com/carlosclavijo/Nutricenter-Contracting/internal/infrastructure/handlers/patient/count_deleted_patients_handler.go:15.2,15.19 1 0
github.com/carlosclavijo/Nutricenter-Contracting/internal/infrastructure/handlers/patient/exist_patient_by_email.go:9.118,11.16 2 0
github.com/carlosclavijo/Nutricenter-Contracting/internal/infrastructure/handlers/patient/exist_patient_by_email.go:11.16,14.3 2 0
github.com/carlosclavijo/Nutricenter-Contracting/internal/infrastructure/handlers/patient/exist_patient_by_email.go:15.2,15.19 1 0
github.com/carlosclavijo/Nutricenter-Contracting/internal/infrastructure/handlers/patient/exist_patient_by_id_handler.go:9.112,11.16 2 0
github.com/carlosclavijo/Nutricenter-Contracting/internal/infrastructure/handlers/patient/exist_patient_by_id_handler.go:11.16,14.3 2 0
github.com/carlosclavijo/Nutricenter-Contracting/internal/infrastructure/handlers/patient/exist_patient_by_id_handler.go:15.2,15.19 1 0
github.com/carlosclavijo/Nutricenter-Contracting/internal/infrastructure/handlers/patient/get_all_patients_handler.go:10.120,12.16 2 0
github.com/carlosclavijo/Nutricenter-Contracting/internal/infrastructure/handlers/patient/get_all_patients_handler.go:12.16,15.3 2 0
github.com/carlosclavijo/Nutricenter-Contracting/internal/infrastructure/handlers/patient/get_all_patients_handler.go:16.2,16.22 1 0
github.com/carlosclavijo/Nutricenter-Contracting/internal/infrastructure/handlers/patient/get_list_patients_handler.go:10.122,12.16 2 0
github.com/carlosclavijo/Nutricenter-Contracting/internal/infrastructure/handlers/patient/get_list_patients_handler.go:12.16,15.3 2 0
github.com/carlosclavijo/Nutricenter-Contracting/internal/infrastructure/handlers/patient/get_list_patients_handler.go:16.2,16.22 1 0
github.com/carlosclavijo/Nutricenter-Contracting/internal/infrastructure/handlers/patient/get_patient_by_email_handler.go:10.127,12.16 2 0
github.com/carlosclavijo/Nutricenter-Contracting/internal/infrastructure/handlers/patient/get_patient_by_email_handler.go:12.16,15.3 2 0
github.com/carlosclavijo/Nutricenter-Contracting/internal/infrastructure/handlers/patient/get_patient_by_email_handler.go:16.2,16.21 1 0
github.com/carlosclavijo/Nutricenter-Contracting/internal/infrastructure/handlers/patient/get_patient_by_id_handler.go:10.119,12.16 2 0
github.com/carlosclavijo/Nutricenter-Contracting/internal/infrastructure/handlers/patient/get_patient_by_id_handler.go:12.16,15.3 2 0
github.com/carlosclavijo/Nutricenter-Contracting/internal/infrastructure/handlers/patient/get_patient_by_id_handler.go:16.2,16.22 1 0
github.com/carlosclavijo/Nutricenter-Contracting/internal/infrastructure/handlers/patient/patient_handler.go:12.97,17.2 1 0
github.com/carlosclavijo/Nutricenter-Contracting/internal/infrastructure/persistence/database.go:11.39,23.16 4 0
github.com/carlosclavijo/Nutricenter-Contracting/internal/infrastructure/persistence/database.go:23.16,26.3 2 0
github.com/carlosclavijo/Nutricenter-Contracting/internal/infrastructure/persistence/database.go:28.2,28.33 1 0
github.com/carlosclavijo/Nutricenter-Contracting/internal/infrastructure/persistence/database.go:28.33,31.3 2 0
github.com/carlosclavijo/Nutricenter-Contracting/internal/infrastructure/persistence/database.go:32.2,32.16 1 0
github.com/carlosclavijo/Nutricenter-Contracting/internal/infrastructure/persistence/repositories/administrator_repository.go:18.96,26.16 4 0
github.com/carlosclavijo/Nutricenter-Contracting/internal/infrastructure/persistence/repositories/administrator_repository.go:26.16,29.3 2 0
github.com/carlosclavijo/Nutricenter-Contracting/internal/infrastructure/persistence/repositories/administrator_repository.go:31.2,31.29 1 0
github.com/carlosclavijo/Nutricenter-Contracting/internal/infrastructure/persistence/repositories/administrator_repository.go:31.29,32.38 1 0
github.com/carlosclavijo/Nutricenter-Contracting/internal/infrastructure/persistence/repositories/administrator_repository.go:32.38,34.4 1 0
github.com/carlosclavijo/Nutricenter-Contracting/internal/infrastructure/persistence/repositories/administrator_repository.go:36.2,36.18 1 0
github.com/carlosclavijo/Nutricenter-Contracting/internal/infrastructure/persistence/repositories/administrator_repository.go:36.18,41.17 3 0
github.com/carlosclavijo/Nutricenter-Contracting/internal/infrastructure/persistence/repositories/administrator_repository.go:41.17,44.4 2 0
github.com/carlosclavijo/Nutricenter-Contracting/internal/infrastructure/persistence/repositories/administrator_repository.go:45.3,45.33 1 0
github.com/carlosclavijo/Nutricenter-Contracting/internal/infrastructure/persistence/repositories/administrator_repository.go:48.2,48.34 1 0
github.com/carlosclavijo/Nutricenter-Contracting/internal/infrastructure/persistence/repositories/administrator_repository.go:48.34,51.3 2 0
github.com/carlosclavijo/Nutricenter-Contracting/internal/infrastructure/persistence/repositories/administrator_repository.go:52.2,53.21 2 0
github.com/carlosclavijo/Nutricenter-Contracting/internal/infrastructure/persistence/repositories/administrator_repository.go:56.97,65.16 4 0
github.com/carlosclavijo/Nutricenter-Contracting/internal/infrastructure/persistence/repositories/administrator_repository.go:65.16,68.3 2 0
github.com/carlosclavijo/Nutricenter-Contracting/internal/infrastructure/persistence/repositories/administrator_repository.go:70.2,70.29 1 0
github.com/carlosclavijo/Nutricenter-Contracting/internal/infrastructure/persistence/repositories/administrator_repository.go:70.29,72.17 2 0
github.com/carlosclavijo/Nutricenter-Contracting/internal/infrastructure/persistence/repositories/administrator_repository.go:72.17,74.4 1 0
github.com/carlosclavijo/Nutricenter-Contracting/internal/infrastructure/persistence/repositories/administrator_repository.go:77.2,77.18 1 0
github.com/carlosclavijo/Nutricenter-Contracting/internal/infrastructure/persistence/repositories/administrator_repository.go:77.18,83.17 3 0
github.com/carlosclavijo/Nutricenter-Contracting/internal/infrastructure/persistence/repositories/administrator_repository.go:83.17,86.4 2 0
github.com/carlosclavijo/Nutricenter-Contracting/internal/infrastructure/persistence/repositories/administrator_repository.go:87.3,87.33 1 0
github.com/carlosclavijo/Nutricenter-Contracting/internal/infrastructure/persistence/repositories/administrator_repository.go:90.2,90.34 1 0
github.com/carlosclavijo/Nutricenter-Contracting/internal/infrastructure/persistence/repositories/administrator_repository.go:90.34,93.3 2 0
github.com/carlosclavijo/Nutricenter-Contracting/internal/infrastructure/persistence/repositories/administrator_repository.go:95.2,96.21 2 0
github.com/carlosclavijo/Nutricenter-Contracting/internal/infrastructure/persistence/repositories/administrator_repository.go:99.109,111.16 4 0
github.com/carlosclavijo/Nutricenter-Contracting/internal/infrastructure/persistence/repositories/administrator_repository.go:111.16,114.3 2 0
github.com/carlosclavijo/Nutricenter-Contracting/internal/infrastructure/persistence/repositories/administrator_repository.go:116.2,117.20 2 0
github.com/carlosclavijo/Nutricenter-Contracting/internal/infrastructure/persistence/repositories/administrator_repository.go:120.120,138.16 4 0
github.com/carlosclavijo/Nutricenter-Contracting/internal/infrastructure/persistence/repositories/administrator_repository.go:138.16,141.3 2 0
github.com/carlosclavijo/Nutricenter-Contracting/internal/infrastructure/persistence/repositories/administrator_repository.go:143.2,145.19 3 0
github.com/carlosclavijo/Nutricenter-Contracting/internal/infrastructure/persistence/repositories/administrator_repository.go:148.94,161.16 4 0
github.com/carlosclavijo/Nutricenter-Contracting/internal/infrastructure/persistence/repositories/administrator_repository.go:161.16,164.3 2 0
github.com/carlosclavijo/Nutricenter-Contracting/internal/infrastructure/persistence/repositories/administrator_repository.go:166.2,167.19 2 0
github.com/carlosclavijo/Nutricenter-Contracting/internal/infrastructure/persistence/repositories/administrator_repository.go:170.97,183.16 4 0
github.com/carlosclavijo/Nutricenter-Contracting/internal/infrastructure/persistence/repositories/administrator_repository.go:183.16,186.3 2 0
github.com/carlosclavijo/Nutricenter-Contracting/internal/infrastructure/persistence/repositories/administrator_repository.go:188.2,189.19 2 0
github.com/carlosclavijo/Nutricenter-Contracting/internal/infrastructure/persistence/repositories/administrator_repository.go:192.137,201.24 2 0
github.com/carlosclavijo/Nutricenter-Contracting/internal/infrastructure/persistence/repositories/administrator_repository.go:201.24,203.3 1 0
github.com/carlosclavijo/Nutricenter-Contracting/internal/infrastructure/persistence/repositories/administrator_repository.go:204.2,204.24 1 0
github.com/carlosclavijo/Nutricenter-Contracting/internal/infrastructure/persistence/repositories/administrator_repository.go:204.24,207.3 2 0
github.com/carlosclavijo/Nutricenter-Contracting/internal/infrastructure/persistence/repositories/administrator_repository.go:209.2,219.16 3 0
github.com/carlosclavijo/Nutricenter-Contracting/internal/infrastructure/persistence/repositories/administrator_repository.go:219.16,222.3 2 0
github.com/carlosclavijo/Nutricenter-Contracting/internal/infrastructure/persistence/repositories/administrator_repository.go:224.2,226.19 3 0
github.com/carlosclavijo/Nutricenter-Contracting/internal/infrastructure/persistence/repositories/administrator_repository.go:229.137,238.24 2 0
github.com/carlosclavijo/Nutricenter-Contracting/internal/infrastructure/persistence/repositories/administrator_repository.go:238.24,240.3 1 0
github.com/carlosclavijo/Nutricenter-Contracting/internal/infrastructure/persistence/repositories/administrator_repository.go:242.2,242.24 1 0
github.com/carlosclavijo/Nutricenter-Contracting/internal/infrastructure/persistence/repositories/administrator_repository.go:242.24,244.3 1 0
github.com/carlosclavijo/Nutricenter-Contracting/internal/infrastructure/persistence/repositories/administrator_repository.go:246.2,270.16 3 0
github.com/carlosclavijo/Nutricenter-Contracting/internal/infrastructure/persistence/repositories/administrator_repository.go:270.16,273.3 2 0
github.com/carlosclavijo/Nutricenter-Contracting/internal/infrastructure/persistence/repositories/administrator_repository.go:275.2,279.26 2 0
github.com/carlosclavijo/Nutricenter-Contracting/internal/infrastructure/persistence/repositories/administrator_repository.go:282.116,301.16 4 0
github.com/carlosclavijo/Nutricenter-Contracting/internal/infrastructure/persistence/repositories/administrator_repository.go:301.16,304.3 2 0
github.com/carlosclavijo/Nutricenter-Contracting/internal/infrastructure/persistence/repositories/administrator_repository.go:306.2,308.19 3 0
github.com/carlosclavijo/Nutricenter-Contracting/internal/infrastructure/persistence/repositories/administrator_repository.go:311.117,330.16 4 0
github.com/carlosclavijo/Nutricenter-Contracting/internal/infrastructure/persistence/repositories/administrator_repository.go:330.16,333.3 2 0
github.com/carlosclavijo/Nutricenter-Contracting/internal/infrastructure/persistence/repositories/administrator_repository.go:335.2,337.19 3 0
github.com/carlosclavijo/Nutricenter-Contracting/internal/infrastructure/persistence/repositories/administrator_repository.go:340.78,347.16 4 0
github.com/carlosclavijo/Nutricenter-Contracting/internal/infrastructure/persistence/repositories/administrator_repository.go:347.16,350.3 2 0
github.com/carlosclavijo/Nutricenter-Contracting/internal/infrastructure/persistence/repositories/administrator_repository.go:351.2,351.19 1 0
github.com/carlosclavijo/Nutricenter-Contracting/internal/infrastructure/persistence/repositories/administrator_repository.go:354.81,361.16 4 0
github.com/carlosclavijo/Nutricenter-Contracting/internal/infrastructure/persistence/repositories/administrator_repository.go:361.16,364.3 2 0
github.com/carlosclavijo/Nutricenter-Contracting/internal/infrastructure/persistence/repositories/administrator_repository.go:365.2,365.19 1 0
github.com/carlosclavijo/Nutricenter-Contracting/internal/infrastructure/persistence/repositories/administrator_repository.go:368.82,375.16 4 0
github.com/carlosclavijo/Nutricenter-Contracting/internal/infrastructure/persistence/repositories/administrator_repository.go:375.16,378.3 2 0
github.com/carlosclavijo/Nutricenter-Contracting/internal/infrastructure/persistence/repositories/administrator_repository.go:379.2,379.19 1 0
github.com/carlosclavijo/Nutricenter-Contracting/internal/infrastructure/persistence/repositories/administrator_repository.go:382.84,384.2 1 0
github.com/carlosclavijo/Nutricenter-Contracting/internal/infrastructure/persistence/repositories/contract_repository.go:15.87,17.23 1 0
github.com/carlosclavijo/Nutricenter-Contracting/internal/infrastructure/persistence/repositories/contract_repository.go:20.99,22.23 1 0
github.com/carlosclavijo/Nutricenter-Contracting/internal/infrastructure/persistence/repositories/contract_repository.go:25.110,65.23 1 0
github.com/carlosclavijo/Nutricenter-Contracting/internal/infrastructure/persistence/repositories/contract_repository.go:68.117,70.23 1 0
github.com/carlosclavijo/Nutricenter-Contracting/internal/infrastructure/persistence/repositories/contract_repository.go:73.101,75.23 1 0
github.com/carlosclavijo/Nutricenter-Contracting/internal/infrastructure/persistence/repositories/contract_repository.go:78.102,80.23 1 0
github.com/carlosclavijo/Nutricenter-Contracting/internal/infrastructure/persistence/repositories/contract_repository.go:83.69,85.2 1 0
github.com/carlosclavijo/Nutricenter-Contracting/internal/infrastructure/persistence/repositories/patient_repository.go:18.84,26.16 4 0
github.com/carlosclavijo/Nutricenter-Contracting/internal/infrastructure/persistence/repositories/patient_repository.go:26.16,29.3 2 0
github.com/carlosclavijo/Nutricenter-Contracting/internal/infrastructure/persistence/repositories/patient_repository.go:31.2,31.29 1 0
github.com/carlosclavijo/Nutricenter-Contracting/internal/infrastructure/persistence/repositories/patient_repository.go:31.29,32.38 1 0
github.com/carlosclavijo/Nutricenter-Contracting/internal/infrastructure/persistence/repositories/patient_repository.go:32.38,34.4 1 0
github.com/carlosclavijo/Nutricenter-Contracting/internal/infrastructure/persistence/repositories/patient_repository.go:36.2,36.18 1 0
github.com/carlosclavijo/Nutricenter-Contracting/internal/infrastructure/persistence/repositories/patient_repository.go:36.18,41.17 3 0
github.com/carlosclavijo/Nutricenter-Contracting/internal/infrastructure/persistence/repositories/patient_repository.go:41.17,44.4 2 0
github.com/carlosclavijo/Nutricenter-Contracting/internal/infrastructure/persistence/repositories/patient_repository.go:45.3,45.33 1 0
github.com/carlosclavijo/Nutricenter-Contracting/internal/infrastructure/persistence/repositories/patient_repository.go:48.2,48.34 1 0
github.com/carlosclavijo/Nutricenter-Contracting/internal/infrastructure/persistence/repositories/patient_repository.go:48.34,51.3 2 0
github.com/carlosclavijo/Nutricenter-Contracting/internal/infrastructure/persistence/repositories/patient_repository.go:52.2,53.20 2 0
github.com/carlosclavijo/Nutricenter-Contracting/internal/infrastructure/persistence/repositories/patient_repository.go:56.85,65.16 4 0
github.com/carlosclavijo/Nutricenter-Contracting/internal/infrastructure/persistence/repositories/patient_repository.go:65.16,68.3 2 0
github.com/carlosclavijo/Nutricenter-Contracting/internal/infrastructure/persistence/repositories/patient_repository.go:70.2,70.29 1 0
github.com/carlosclavijo/Nutricenter-Contracting/internal/infrastructure/persistence/repositories/patient_repository.go:70.29,72.17 2 0
github.com/carlosclavijo/Nutricenter-Contracting/internal/infrastructure/persistence/repositories/patient_repository.go:72.17,74.4 1 0
github.com/carlosclavijo/Nutricenter-Contracting/internal/infrastructure/persistence/repositories/patient_repository.go:77.2,77.18 1 0
github.com/carlosclavijo/Nutricenter-Contracting/internal/infrastructure/persistence/repositories/patient_repository.go:77.18,83.17 3 0
github.com/carlosclavijo/Nutricenter-Contracting/internal/infrastructure/persistence/repositories/patient_repository.go:83.17,86.4 2 0
github.com/carlosclavijo/Nutricenter-Contracting/internal/infrastructure/persistence/repositories/patient_repository.go:87.3,87.33 1 0
github.com/carlosclavijo/Nutricenter-Contracting/internal/infrastructure/persistence/repositories/patient_repository.go:90.2,90.34 1 0
github.com/carlosclavijo/Nutricenter-Contracting/internal/infrastructure/persistence/repositories/patient_repository.go:90.34,93.3 2 0
github.com/carlosclavijo/Nutricenter-Contracting/internal/infrastructure/persistence/repositories/patient_repository.go:95.2,96.20 2 0
github.com/carlosclavijo/Nutricenter-Contracting/internal/infrastructure/persistence/repositories/patient_repository.go:99.97,111.16 4 0
github.com/carlosclavijo/Nutricenter-Contracting/internal/infrastructure/persistence/repositories/patient_repository.go:111.16,114.3 2 0
github.com/carlosclavijo/Nutricenter-Contracting/internal/infrastructure/persistence/repositories/patient_repository.go:116.2,117.22 2 0
github.com/carlosclavijo/Nutricenter-Contracting/internal/infrastructure/persistence/repositories/patient_repository.go:120.102,138.16 4 0
github.com/carlosclavijo/Nutricenter-Contracting/internal/infrastructure/persistence/repositories/patient_repository.go:138.16,141.3 2 0
github.com/carlosclavijo/Nutricenter-Contracting/internal/infrastructure/persistence/repositories/patient_repository.go:143.2,145.21 3 0
github.com/carlosclavijo/Nutricenter-Contracting/internal/infrastructure/persistence/repositories/patient_repository.go:148.88,161.16 4 0
github.com/carlosclavijo/Nutricenter-Contracting/internal/infrastructure/persistence/repositories/patient_repository.go:161.16,164.3 2 0
github.com/carlosclavijo/Nutricenter-Contracting/internal/infrastructure/persistence/repositories/patient_repository.go:166.2,167.19 2 0
github.com/carlosclavijo/Nutricenter-Contracting/internal/infrastructure/persistence/repositories/patient_repository.go:170.91,183.16 4 0
github.com/carlosclavijo/Nutricenter-Contracting/internal/infrastructure/persistence/repositories/patient_repository.go:183.16,186.3 2 0
github.com/carlosclavijo/Nutricenter-Contracting/internal/infrastructure/persistence/repositories/patient_repository.go:188.2,189.19 2 0
github.com/carlosclavijo/Nutricenter-Contracting/internal/infrastructure/persistence/repositories/patient_repository.go:192.107,201.24 2 0
github.com/carlosclavijo/Nutricenter-Contracting/internal/infrastructure/persistence/repositories/patient_repository.go:201.24,203.3 1 0
github.com/carlosclavijo/Nutricenter-Contracting/internal/infrastructure/persistence/repositories/patient_repository.go:204.2,204.24 1 0
github.com/carlosclavijo/Nutricenter-Contracting/internal/infrastructure/persistence/repositories/patient_repository.go:204.24,207.3 2 0
github.com/carlosclavijo/Nutricenter-Contracting/internal/infrastructure/persistence/repositories/patient_repository.go:209.2,219.16 3 0
github.com/carlosclavijo/Nutricenter-Contracting/internal/infrastructure/persistence/repositories/patient_repository.go:219.16,222.3 2 0
github.com/carlosclavijo/Nutricenter-Contracting/internal/infrastructure/persistence/repositories/patient_repository.go:224.2,226.21 3 0
github.com/carlosclavijo/Nutricenter-Contracting/internal/infrastructure/persistence/repositories/patient_repository.go:229.107,238.24 2 0
github.com/carlosclavijo/Nutricenter-Contracting/internal/infrastructure/persistence/repositories/patient_repository.go:238.24,240.3 1 0
github.com/carlosclavijo/Nutricenter-Contracting/internal/infrastructure/persistence/repositories/patient_repository.go:242.2,242.24 1 0
github.com/carlosclavijo/Nutricenter-Contracting/internal/infrastructure/persistence/repositories/patient_repository.go:242.24,244.3 1 0
github.com/carlosclavijo/Nutricenter-Contracting/internal/infrastructure/persistence/repositories/patient_repository.go:246.2,270.16 3 0
github.com/carlosclavijo/Nutricenter-Contracting/internal/infrastructure/persistence/repositories/patient_repository.go:270.16,273.3 2 0
github.com/carlosclavijo/Nutricenter-Contracting/internal/infrastructure/persistence/repositories/patient_repository.go:275.2,279.26 2 0
github.com/carlosclavijo/Nutricenter-Contracting/internal/infrastructure/persistence/repositories/patient_repository.go:282.98,301.16 4 0
github.com/carlosclavijo/Nutricenter-Contracting/internal/infrastructure/persistence/repositories/patient_repository.go:301.16,304.3 2 0
github.com/carlosclavijo/Nutricenter-Contracting/internal/infrastructure/persistence/repositories/patient_repository.go:306.2,308.21 3 0
github.com/carlosclavijo/Nutricenter-Contracting/internal/infrastructure/persistence/repositories/patient_repository.go:311.99,330.16 4 0
github.com/carlosclavijo/Nutricenter-Contracting/internal/infrastructure/persistence/repositories/patient_repository.go:330.16,333.3 2 0
github.com/carlosclavijo/Nutricenter-Contracting/internal/infrastructure/persistence/repositories/patient_repository.go:335.2,337.21 3 0
github.com/carlosclavijo/Nutricenter-Contracting/internal/infrastructure/persistence/repositories/patient_repository.go:340.72,347.16 4 0
github.com/carlosclavijo/Nutricenter-Contracting/internal/infrastructure/persistence/repositories/patient_repository.go:347.16,350.3 2 0
github.com/carlosclavijo/Nutricenter-Contracting/internal/infrastructure/persistence/repositories/patient_repository.go:351.2,351.19 1 0
github.com/carlosclavijo/Nutricenter-Contracting/internal/infrastructure/persistence/repositories/patient_repository.go:354.75,361.16 4 0
github.com/carlosclavijo/Nutricenter-Contracting/internal/infrastructure/persistence/repositories/patient_repository.go:361.16,364.3 2 0
github.com/carlosclavijo/Nutricenter-Contracting/internal/infrastructure/persistence/repositories/patient_repository.go:365.2,365.19 1 0
github.com/carlosclavijo/Nutricenter-Contracting/internal/infrastructure/persistence/repositories/patient_repository.go:368.76,375.16 4 0
github.com/carlosclavijo/Nutricenter-Contracting/internal/infrastructure/persistence/repositories/patient_repository.go:375.16,378.3 2 0
github.com/carlosclavijo/Nutricenter-Contracting/internal/infrastructure/persistence/repositories/patient_repository.go:379.2,379.19 1 0
github.com/carlosclavijo/Nutricenter-Contracting/internal/infrastructure/persistence/repositories/patient_repository.go:382.66,384.2 1 0
github.com/carlosclavijo/Nutricenter-Contracting/internal/web/routes.go:14.36,19.2 1 0
github.com/carlosclavijo/Nutricenter-Contracting/internal/web/routes.go:21.38,28.2 4 0
github.com/carlosclavijo/Nutricenter-Contracting/internal/web/controllers/administrator_controller.go:26.67,32.2 5 0
github.com/carlosclavijo/Nutricenter-Contracting/internal/web/controllers/administrator_controller.go:49.96,53.16 3 0
github.com/carlosclavijo/Nutricenter-Contracting/internal/web/controllers/administrator_controller.go:53.16,63.3 3 0
github.com/carlosclavijo/Nutricenter-Contracting/internal/web/controllers/administrator_controller.go:65.2,69.4 1 0
github.com/carlosclavijo/Nutricenter-Contracting/internal/web/controllers/administrator_controller.go:72.97,76.16 3 0
github.com/carlosclavijo/Nutricenter-Contracting/internal/web/controllers/administrator_controller.go:76.16,86.3 3 0
github.com/carlosclavijo/Nutricenter-Contracting/internal/web/controllers/administrator_controller.go:88.2,92.4 1 0
github.com/carlosclavijo/Nutricenter-Contracting/internal/web/controllers/administrator_controller.go:95.96,99.16 3 0
github.com/carlosclavijo/Nutricenter-Contracting/internal/web/controllers/administrator_controller.go:99.16,109.3 3 0
github.com/carlosclavijo/Nutricenter-Contracting/internal/web/controllers/administrator_controller.go:111.2,113.16 3 0
github.com/carlosclavijo/Nutricenter-Contracting/internal/web/controllers/administrator_controller.go:113.16,123.3 3 0
github.com/carlosclavijo/Nutricenter-Contracting/internal/web/controllers/administrator_controller.go:125.2,128.4 1 0
github.com/carlosclavijo/Nutricenter-Contracting/internal/web/controllers/administrator_controller.go:131.99,135.16 4 0
github.com/carlosclavijo/Nutricenter-Contracting/internal/web/controllers/administrator_controller.go:135.16,145.3 3 0
github.com/carlosclavijo/Nutricenter-Contracting/internal/web/controllers/administrator_controller.go:147.2,151.4 2 0
github.com/carlosclavijo/Nutricenter-Contracting/internal/web/controllers/administrator_controller.go:154.98,157.16 3 0
github.com/carlosclavijo/Nutricenter-Contracting/internal/web/controllers/administrator_controller.go:157.16,167.3 3 0
github.com/carlosclavijo/Nutricenter-Contracting/internal/web/controllers/administrator_controller.go:169.2,171.16 3 0
github.com/carlosclavijo/Nutricenter-Contracting/internal/web/controllers/administrator_controller.go:171.16,181.3 3 0
github.com/carlosclavijo/Nutricenter-Contracting/internal/web/controllers/administrator_controller.go:183.2,186.4 1 0
github.com/carlosclavijo/Nutricenter-Contracting/internal/web/controllers/administrator_controller.go:189.101,194.16 4 0
github.com/carlosclavijo/Nutricenter-Contracting/internal/web/controllers/administrator_controller.go:194.16,204.3 3 0
github.com/carlosclavijo/Nutricenter-Contracting/internal/web/controllers/administrator_controller.go:206.2,209.4 1 0
github.com/carlosclavijo/Nutricenter-Contracting/internal/web/controllers/administrator_controller.go:212.94,218.61 2 0
github.com/carlosclavijo/Nutricenter-Contracting/internal/web/controllers/administrator_controller.go:218.61,228.3 3 0
github.com/carlosclavijo/Nutricenter-Contracting/internal/web/controllers/administrator_controller.go:230.2,236.16 3 0
github.com/carlosclavijo/Nutricenter-Contracting/internal/web/controllers/administrator_controller.go:236.16,246.3 3 0
github.com/carlosclavijo/Nutricenter-Contracting/internal/web/controllers/administrator_controller.go:248.2,251.4 1 0
github.com/carlosclavijo/Nutricenter-Contracting/internal/web/controllers/administrator_controller.go:254.95,265.61 2 0
github.com/carlosclavijo/Nutricenter-Contracting/internal/web/controllers/administrator_controller.go:265.61,275.3 3 0
github.com/carlosclavijo/Nutricenter-Contracting/internal/web/controllers/administrator_controller.go:277.2,288.16 3 0
github.com/carlosclavijo/Nutricenter-Contracting/internal/web/controllers/administrator_controller.go:288.16,298.3 3 0
github.com/carlosclavijo/Nutricenter-Contracting/internal/web/controllers/administrator_controller.go:300.2,304.4 2 0
github.com/carlosclavijo/Nutricenter-Contracting/internal/web/controllers/administrator_controller.go:307.95,319.61 2 0
github.com/carlosclavijo/Nutricenter-Contracting/internal/web/controllers/administrator_controller.go:319.61,329.3 3 0
github.com/carlosclavijo/Nutricenter-Contracting/internal/web/controllers/administrator_controller.go:331.2,332.16 2 0
github.com/carlosclavijo/Nutricenter-Contracting/internal/web/controllers/administrator_controller.go:332.16,342.3 3 0
github.com/carlosclavijo/Nutricenter-Contracting/internal/web/controllers/administrator_controller.go:344.2,355.16 3 0
github.com/carlosclavijo/Nutricenter-Contracting/internal/web/controllers/administrator_controller.go:355.16,365.3 3 0
github.com/carlosclavijo/Nutricenter-Contracting/internal/web/controllers/administrator_controller.go:367.2,371.4 2 0
github.com/carlosclavijo/Nutricenter-Contracting/internal/web/controllers/administrator_controller.go:374.95,377.16 3 0
github.com/carlosclavijo/Nutricenter-Contracting/internal/web/controllers/administrator_controller.go:377.16,387.3 3 0
github.com/carlosclavijo/Nutricenter-Contracting/internal/web/controllers/administrator_controller.go:389.2,390.16 2 0
github.com/carlosclavijo/Nutricenter-Contracting/internal/web/controllers/administrator_controller.go:390.16,400.3 3 0
github.com/carlosclavijo/Nutricenter-Contracting/internal/web/controllers/administrator_controller.go:402.2,406.4 2 0
github.com/carlosclavijo/Nutricenter-Contracting/internal/web/controllers/administrator_controller.go:409.96,413.16 4 0
github.com/carlosclavijo/Nutricenter-Contracting/internal/web/controllers/administrator_controller.go:413.16,423.3 3 0
github.com/carlosclavijo/Nutricenter-Contracting/internal/web/controllers/administrator_controller.go:425.2,426.16 2 0
github.com/carlosclavijo/Nutricenter-Contracting/internal/web/controllers/administrator_controller.go:426.16,436.3 3 0
github.com/carlosclavijo/Nutricenter-Contracting/internal/web/controllers/administrator_controller.go:438.2,442.4 2 0
github.com/carlosclavijo/Nutricenter-Contracting/internal/web/controllers/administrator_controller.go:445.98,448.16 3 0
github.com/carlosclavijo/Nutricenter-Contracting/internal/web/controllers/administrator_controller.go:448.16,458.3 3 0
github.com/carlosclavijo/Nutricenter-Contracting/internal/web/controllers/administrator_controller.go:460.2,463.4 1 0
github.com/carlosclavijo/Nutricenter-Contracting/internal/web/controllers/administrator_controller.go:466.101,469.16 3 0
github.com/carlosclavijo/Nutricenter-Contracting/internal/web/controllers/administrator_controller.go:469.16,479.3 3 0
github.com/carlosclavijo/Nutricenter-Contracting/internal/web/controllers/administrator_controller.go:481.2,484.4 1 0
github.com/carlosclavijo/Nutricenter-Contracting/internal/web/controllers/administrator_controller.go:487.102,490.16 3 0
github.com/carlosclavijo/Nutricenter-Contracting/internal/web/controllers/administrator_controller.go:490.16,500.3 3 0
github.com/carlosclavijo/Nutricenter-Contracting/internal/web/controllers/administrator_controller.go:502.2,505.4 1 0
github.com/carlosclavijo/Nutricenter-Contracting/internal/web/controllers/administrator_controller.go:508.64,511.59 3 0
github.com/carlosclavijo/Nutricenter-Contracting/internal/web/controllers/administrator_controller.go:511.59,514.3 2 0
github.com/carlosclavijo/Nutricenter-Contracting/internal/web/controllers/administrator_controller.go:517.68,519.26 2 0
github.com/carlosclavijo/Nutricenter-Contracting/internal/web/controllers/administrator_controller.go:519.26,522.3 2 0
github.com/carlosclavijo/Nutricenter-Contracting/internal/web/controllers/administrator_controller.go:524.2,525.26 2 0
github.com/carlosclavijo/Nutricenter-Contracting/internal/web/controllers/administrator_controller.go:525.26,528.3 2 0
github.com/carlosclavijo/Nutricenter-Contracting/internal/web/controllers/administrator_controller.go:530.2,543.3 1 0
github.com/carlosclavijo/Nutricenter-Contracting/internal/web/controllers/administrator_controller.go:546.64,561.2 14 0
github.com/carlosclavijo/Nutricenter-Contracting/internal/web/controllers/patient_controller.go:26.55,32.2 5 0
github.com/carlosclavijo/Nutricenter-Contracting/internal/web/controllers/patient_controller.go:49.84,53.16 3 0
github.com/carlosclavijo/Nutricenter-Contracting/internal/web/controllers/patient_controller.go:53.16,63.3 3 0
github.com/carlosclavijo/Nutricenter-Contracting/internal/web/controllers/patient_controller.go:65.2,69.4 1 0
github.com/carlosclavijo/Nutricenter-Contracting/internal/web/controllers/patient_controller.go:72.85,76.16 3 0
github.com/carlosclavijo/Nutricenter-Contracting/internal/web/controllers/patient_controller.go:76.16,86.3 3 0
github.com/carlosclavijo/Nutricenter-Contracting/internal/web/controllers/patient_controller.go:88.2,92.4 1 0
github.com/carlosclavijo/Nutricenter-Contracting/internal/web/controllers/patient_controller.go:95.84,99.16 3 0
github.com/carlosclavijo/Nutricenter-Contracting/internal/web/controllers/patient_controller.go:99.16,109.3 3 0
github.com/carlosclavijo/Nutricenter-Contracting/internal/web/controllers/patient_controller.go:111.2,113.16 3 0
github.com/carlosclavijo/Nutricenter-Contracting/internal/web/controllers/patient_controller.go:113.16,123.3 3 0
github.com/carlosclavijo/Nutricenter-Contracting/internal/web/controllers/patient_controller.go:125.2,128.4 1 0
github.com/carlosclavijo/Nutricenter-Contracting/internal/web/controllers/patient_controller.go:131.87,135.16 4 0
github.com/carlosclavijo/Nutricenter-Contracting/internal/web/controllers/patient_controller.go:135.16,145.3 3 0
github.com/carlosclavijo/Nutricenter-Contracting/internal/web/controllers/patient_controller.go:147.2,151.4 2 0
github.com/carlosclavijo/Nutricenter-Contracting/internal/web/controllers/patient_controller.go:154.86,157.16 3 0
github.com/carlosclavijo/Nutricenter-Contracting/internal/web/controllers/patient_controller.go:157.16,167.3 3 0
github.com/carlosclavijo/Nutricenter-Contracting/internal/web/controllers/patient_controller.go:169.2,171.16 3 0
github.com/carlosclavijo/Nutricenter-Contracting/internal/web/controllers/patient_controller.go:171.16,181.3 3 0
github.com/carlosclavijo/Nutricenter-Contracting/internal/web/controllers/patient_controller.go:183.2,186.4 1 0
github.com/carlosclavijo/Nutricenter-Contracting/internal/web/controllers/patient_controller.go:189.89,194.16 4 0
github.com/carlosclavijo/Nutricenter-Contracting/internal/web/controllers/patient_controller.go:194.16,204.3 3 0
github.com/carlosclavijo/Nutricenter-Contracting/internal/web/controllers/patient_controller.go:206.2,209.4 1 0
github.com/carlosclavijo/Nutricenter-Contracting/internal/web/controllers/patient_controller.go:212.82,218.61 2 0
github.com/carlosclavijo/Nutricenter-Contracting/internal/web/controllers/patient_controller.go:218.61,228.3 3 0
github.com/carlosclavijo/Nutricenter-Contracting/internal/web/controllers/patient_controller.go:230.2,236.16 3 0
github.com/carlosclavijo/Nutricenter-Contracting/internal/web/controllers/patient_controller.go:236.16,246.3 3 0
github.com/carlosclavijo/Nutricenter-Contracting/internal/web/controllers/patient_controller.go:248.2,251.4 1 0
github.com/carlosclavijo/Nutricenter-Contracting/internal/web/controllers/patient_controller.go:254.83,265.61 2 0
github.com/carlosclavijo/Nutricenter-Contracting/internal/web/controllers/patient_controller.go:265.61,275.3 3 0
github.com/carlosclavijo/Nutricenter-Contracting/internal/web/controllers/patient_controller.go:277.2,288.16 3 0
github.com/carlosclavijo/Nutricenter-Contracting/internal/web/controllers/patient_controller.go:288.16,298.3 3 0
github.com/carlosclavijo/Nutricenter-Contracting/internal/web/controllers/patient_controller.go:300.2,304.4 2 0
github.com/carlosclavijo/Nutricenter-Contracting/internal/web/controllers/patient_controller.go:307.83,319.61 2 0
github.com/carlosclavijo/Nutricenter-Contracting/internal/web/controllers/patient_controller.go:319.61,329.3 3 0
github.com/carlosclavijo/Nutricenter-Contracting/internal/web/controllers/patient_controller.go:331.2,332.16 2 0
github.com/carlosclavijo/Nutricenter-Contracting/internal/web/controllers/patient_controller.go:332.16,342.3 3 0
github.com/carlosclavijo/Nutricenter-Contracting/internal/web/controllers/patient_controller.go:344.2,355.16 3 0
github.com/carlosclavijo/Nutricenter-Contracting/internal/web/controllers/patient_controller.go:355.16,365.3 3 0
github.com/carlosclavijo/Nutricenter-Contracting/internal/web/controllers/patient_controller.go:367.2,371.4 2 0
github.com/carlosclavijo/Nutricenter-Contracting/internal/web/controllers/patient_controller.go:374.83,377.16 3 0
github.com/carlosclavijo/Nutricenter-Contracting/internal/web/controllers/patient_controller.go:377.16,387.3 3 0
github.com/carlosclavijo/Nutricenter-Contracting/internal/web/controllers/patient_controller.go:389.2,390.16 2 0
github.com/carlosclavijo/Nutricenter-Contracting/internal/web/controllers/patient_controller.go:390.16,400.3 3 0
github.com/carlosclavijo/Nutricenter-Contracting/internal/web/controllers/patient_controller.go:402.2,406.4 2 0
github.com/carlosclavijo/Nutricenter-Contracting/internal/web/controllers/patient_controller.go:409.84,413.16 4 0
github.com/carlosclavijo/Nutricenter-Contracting/internal/web/controllers/patient_controller.go:413.16,423.3 3 0
github.com/carlosclavijo/Nutricenter-Contracting/internal/web/controllers/patient_controller.go:425.2,426.16 2 0
github.com/carlosclavijo/Nutricenter-Contracting/internal/web/controllers/patient_controller.go:426.16,436.3 3 0
github.com/carlosclavijo/Nutricenter-Contracting/internal/web/controllers/patient_controller.go:438.2,442.4 2 0
github.com/carlosclavijo/Nutricenter-Contracting/internal/web/controllers/patient_controller.go:445.86,448.16 3 0
github.com/carlosclavijo/Nutricenter-Contracting/internal/web/controllers/patient_controller.go:448.16,458.3 3 0
github.com/carlosclavijo/Nutricenter-Contracting/internal/web/controllers/patient_controller.go:460.2,463.4 1 0
github.com/carlosclavijo/Nutricenter-Contracting/internal/web/controllers/patient_controller.go:466.89,469.16 3 0
github.com/carlosclavijo/Nutricenter-Contracting/internal/web/controllers/patient_controller.go:469.16,479.3 3 0
github.com/carlosclavijo/Nutricenter-Contracting/internal/web/controllers/patient_controller.go:481.2,484.4 1 0
github.com/carlosclavijo/Nutricenter-Contracting/internal/web/controllers/patient_controller.go:487.90,490.16 3 0
github.com/carlosclavijo/Nutricenter-Contracting/internal/web/controllers/patient_controller.go:490.16,500.3 3 0
github.com/carlosclavijo/Nutricenter-Contracting/internal/web/controllers/patient_controller.go:502.2,505.4 1 0
github.com/carlosclavijo/Nutricenter-Contracting/internal/web/controllers/patient_controller.go:508.60,510.26 2 0
github.com/carlosclavijo/Nutricenter-Contracting/internal/web/controllers/patient_controller.go:510.26,513.3 2 0
github.com/carlosclavijo/Nutricenter-Contracting/internal/web/controllers/patient_controller.go:515.2,516.26 2 0
github.com/carlosclavijo/Nutricenter-Contracting/internal/web/controllers/patient_controller.go:516.26,519.3 2 0
github.com/carlosclavijo/Nutricenter-Contracting/internal/web/controllers/patient_controller.go:521.2,534.3 1 0
github.com/carlosclavijo/Nutricenter-Contracting/internal/web/controllers/patient_controller.go:537.58,552.2 14 0
