mode: set
github.com/carlosclavijo/Nutricenter-Contracting/internal/domain/abstractions/aggregate_root.go:9.52,11.2 1 1
github.com/carlosclavijo/Nutricenter-Contracting/internal/domain/abstractions/domain_event.go:13.36,18.2 1 1
github.com/carlosclavijo/Nutricenter-Contracting/internal/domain/abstractions/domain_event.go:20.38,22.2 1 1
github.com/carlosclavijo/Nutricenter-Contracting/internal/domain/abstractions/domain_event.go:24.46,26.2 1 1
github.com/carlosclavijo/Nutricenter-Contracting/internal/domain/abstractions/entity.go:12.38,17.2 1 1
github.com/carlosclavijo/Nutricenter-Contracting/internal/domain/abstractions/entity.go:19.47,21.2 1 1
github.com/carlosclavijo/Nutricenter-Contracting/internal/domain/abstractions/entity.go:23.52,25.2 1 1
github.com/carlosclavijo/Nutricenter-Contracting/internal/domain/abstractions/entity.go:27.38,29.2 1 1
github.com/carlosclavijo/Nutricenter-Contracting/internal/application/patient/dto/patient_dto.go:18.61,19.20 1 0
github.com/carlosclavijo/Nutricenter-Contracting/internal/application/patient/dto/patient_dto.go:19.20,21.3 1 0
github.com/carlosclavijo/Nutricenter-Contracting/internal/application/patient/dto/patient_dto.go:23.2,31.3 1 0
github.com/carlosclavijo/Nutricenter-Contracting/internal/application/contract/dto/contract_dto.go:25.155,26.21 1 0
github.com/carlosclavijo/Nutricenter-Contracting/internal/application/contract/dto/contract_dto.go:26.21,28.3 1 0
github.com/carlosclavijo/Nutricenter-Contracting/internal/application/contract/dto/contract_dto.go:30.2,43.3 1 0
github.com/carlosclavijo/Nutricenter-Contracting/internal/application/contract/dto/delivery_dto.go:19.67,20.21 1 0
github.com/carlosclavijo/Nutricenter-Contracting/internal/application/contract/dto/delivery_dto.go:20.21,22.3 1 0
github.com/carlosclavijo/Nutricenter-Contracting/internal/application/contract/dto/delivery_dto.go:24.2,35.3 2 0
github.com/carlosclavijo/Nutricenter-Contracting/internal/application/administrator/dto/administrator_dto.go:18.91,19.26 1 0
github.com/carlosclavijo/Nutricenter-Contracting/internal/application/administrator/dto/administrator_dto.go:19.26,21.3 1 0
github.com/carlosclavijo/Nutricenter-Contracting/internal/application/administrator/dto/administrator_dto.go:23.2,31.3 1 0
github.com/carlosclavijo/Nutricenter-Contracting/internal/domain/administrator/administrator.go:25.159,36.2 1 0
github.com/carlosclavijo/Nutricenter-Contracting/internal/domain/administrator/administrator.go:38.44,40.2 1 0
github.com/carlosclavijo/Nutricenter-Contracting/internal/domain/administrator/administrator.go:42.48,44.2 1 0
github.com/carlosclavijo/Nutricenter-Contracting/internal/domain/administrator/administrator.go:46.47,48.2 1 0
github.com/carlosclavijo/Nutricenter-Contracting/internal/domain/administrator/administrator.go:50.46,52.2 1 0
github.com/carlosclavijo/Nutricenter-Contracting/internal/domain/administrator/administrator.go:54.52,56.2 1 0
github.com/carlosclavijo/Nutricenter-Contracting/internal/domain/administrator/administrator.go:58.48,60.2 1 0
github.com/carlosclavijo/Nutricenter-Contracting/internal/domain/administrator/administrator.go:62.50,64.2 1 0
github.com/carlosclavijo/Nutricenter-Contracting/internal/domain/administrator/administrator.go:66.47,68.2 1 0
github.com/carlosclavijo/Nutricenter-Contracting/internal/domain/administrator/administrator.go:70.51,72.2 1 0
github.com/carlosclavijo/Nutricenter-Contracting/internal/domain/administrator/administrator.go:74.258,95.2 6 0
github.com/carlosclavijo/Nutricenter-Contracting/internal/domain/administrator/administrator_factory.go:16.182,17.21 1 0
github.com/carlosclavijo/Nutricenter-Contracting/internal/domain/administrator/administrator_factory.go:17.21,20.3 2 0
github.com/carlosclavijo/Nutricenter-Contracting/internal/domain/administrator/administrator_factory.go:22.2,22.20 1 0
github.com/carlosclavijo/Nutricenter-Contracting/internal/domain/administrator/administrator_factory.go:22.20,25.3 2 0
github.com/carlosclavijo/Nutricenter-Contracting/internal/domain/administrator/administrator_factory.go:27.2,27.26 1 0
github.com/carlosclavijo/Nutricenter-Contracting/internal/domain/administrator/administrator_factory.go:27.26,30.3 2 0
github.com/carlosclavijo/Nutricenter-Contracting/internal/domain/administrator/administrator_factory.go:32.2,32.25 1 0
github.com/carlosclavijo/Nutricenter-Contracting/internal/domain/administrator/administrator_factory.go:32.25,35.3 2 0
github.com/carlosclavijo/Nutricenter-Contracting/internal/domain/administrator/administrator_factory.go:37.2,37.25 1 0
github.com/carlosclavijo/Nutricenter-Contracting/internal/domain/administrator/administrator_factory.go:37.25,40.3 2 0
github.com/carlosclavijo/Nutricenter-Contracting/internal/domain/administrator/administrator_factory.go:42.2,42.24 1 0
github.com/carlosclavijo/Nutricenter-Contracting/internal/domain/administrator/administrator_factory.go:42.24,45.3 2 0
github.com/carlosclavijo/Nutricenter-Contracting/internal/domain/administrator/administrator_factory.go:47.2,48.91 2 0
github.com/carlosclavijo/Nutricenter-Contracting/internal/domain/administrator/administrator_factory.go:51.53,53.2 1 0
github.com/carlosclavijo/Nutricenter-Contracting/internal/domain/administrator/administrator_factory.go:55.29,56.22 1 0
github.com/carlosclavijo/Nutricenter-Contracting/internal/domain/administrator/administrator_factory.go:56.22,57.39 1 0
github.com/carlosclavijo/Nutricenter-Contracting/internal/domain/administrator/administrator_factory.go:57.39,59.4 1 0
github.com/carlosclavijo/Nutricenter-Contracting/internal/domain/administrator/administrator_factory.go:61.2,61.13 1 0
github.com/carlosclavijo/Nutricenter-Contracting/internal/application/administrator/handlers/administrator_handler.go:10.133,15.2 1 0
github.com/carlosclavijo/Nutricenter-Contracting/internal/application/administrator/handlers/create_administrator_handler.go:12.146,14.16 2 0
github.com/carlosclavijo/Nutricenter-Contracting/internal/application/administrator/handlers/create_administrator_handler.go:14.16,17.3 2 0
github.com/carlosclavijo/Nutricenter-Contracting/internal/application/administrator/handlers/create_administrator_handler.go:19.2,20.16 2 0
github.com/carlosclavijo/Nutricenter-Contracting/internal/application/administrator/handlers/create_administrator_handler.go:20.16,23.3 2 0
github.com/carlosclavijo/Nutricenter-Contracting/internal/application/administrator/handlers/create_administrator_handler.go:25.2,26.16 2 0
github.com/carlosclavijo/Nutricenter-Contracting/internal/application/administrator/handlers/create_administrator_handler.go:26.16,29.3 2 0
github.com/carlosclavijo/Nutricenter-Contracting/internal/application/administrator/handlers/create_administrator_handler.go:31.2,32.16 2 0
github.com/carlosclavijo/Nutricenter-Contracting/internal/application/administrator/handlers/create_administrator_handler.go:32.16,35.3 2 0
github.com/carlosclavijo/Nutricenter-Contracting/internal/application/administrator/handlers/create_administrator_handler.go:37.2,38.16 2 0
github.com/carlosclavijo/Nutricenter-Contracting/internal/application/administrator/handlers/create_administrator_handler.go:38.16,41.3 2 0
github.com/carlosclavijo/Nutricenter-Contracting/internal/application/administrator/handlers/create_administrator_handler.go:43.2,44.16 2 0
github.com/carlosclavijo/Nutricenter-Contracting/internal/application/administrator/handlers/create_administrator_handler.go:44.16,47.3 2 0
github.com/carlosclavijo/Nutricenter-Contracting/internal/application/administrator/handlers/create_administrator_handler.go:49.2,50.16 2 0
github.com/carlosclavijo/Nutricenter-Contracting/internal/application/administrator/handlers/create_administrator_handler.go:50.16,53.3 2 0
github.com/carlosclavijo/Nutricenter-Contracting/internal/application/administrator/handlers/create_administrator_handler.go:55.2,57.16 2 0
github.com/carlosclavijo/Nutricenter-Contracting/internal/application/administrator/handlers/create_administrator_handler.go:57.16,60.3 2 0
github.com/carlosclavijo/Nutricenter-Contracting/internal/application/administrator/handlers/create_administrator_handler.go:62.2,62.19 1 0
github.com/carlosclavijo/Nutricenter-Contracting/internal/application/administrator/handlers/delete_administrator_handler.go:11.119,12.20 1 0
github.com/carlosclavijo/Nutricenter-Contracting/internal/application/administrator/handlers/delete_administrator_handler.go:12.20,15.3 2 0
github.com/carlosclavijo/Nutricenter-Contracting/internal/application/administrator/handlers/delete_administrator_handler.go:17.2,18.16 2 0
github.com/carlosclavijo/Nutricenter-Contracting/internal/application/administrator/handlers/delete_administrator_handler.go:18.16,21.3 2 0
github.com/carlosclavijo/Nutricenter-Contracting/internal/application/administrator/handlers/delete_administrator_handler.go:21.8,21.19 1 0
github.com/carlosclavijo/Nutricenter-Contracting/internal/application/administrator/handlers/delete_administrator_handler.go:21.19,24.3 2 0
github.com/carlosclavijo/Nutricenter-Contracting/internal/application/administrator/handlers/delete_administrator_handler.go:26.2,27.16 2 0
github.com/carlosclavijo/Nutricenter-Contracting/internal/application/administrator/handlers/delete_administrator_handler.go:27.16,30.3 2 0
github.com/carlosclavijo/Nutricenter-Contracting/internal/application/administrator/handlers/delete_administrator_handler.go:32.2,32.19 1 0
github.com/carlosclavijo/Nutricenter-Contracting/internal/application/administrator/handlers/login_administrator_handler.go:14.144,16.16 2 0
github.com/carlosclavijo/Nutricenter-Contracting/internal/application/administrator/handlers/login_administrator_handler.go:16.16,19.3 2 0
github.com/carlosclavijo/Nutricenter-Contracting/internal/application/administrator/handlers/login_administrator_handler.go:19.8,19.19 1 0
github.com/carlosclavijo/Nutricenter-Contracting/internal/application/administrator/handlers/login_administrator_handler.go:19.19,22.3 2 0
github.com/carlosclavijo/Nutricenter-Contracting/internal/application/administrator/handlers/login_administrator_handler.go:24.2,25.16 2 0
github.com/carlosclavijo/Nutricenter-Contracting/internal/application/administrator/handlers/login_administrator_handler.go:25.16,28.3 2 0
github.com/carlosclavijo/Nutricenter-Contracting/internal/application/administrator/handlers/login_administrator_handler.go:30.2,31.16 2 0
github.com/carlosclavijo/Nutricenter-Contracting/internal/application/administrator/handlers/login_administrator_handler.go:31.16,34.3 2 0
github.com/carlosclavijo/Nutricenter-Contracting/internal/application/administrator/handlers/login_administrator_handler.go:36.2,37.16 2 0
github.com/carlosclavijo/Nutricenter-Contracting/internal/application/administrator/handlers/login_administrator_handler.go:37.16,39.3 1 0
github.com/carlosclavijo/Nutricenter-Contracting/internal/application/administrator/handlers/login_administrator_handler.go:41.2,41.115 1 0
github.com/carlosclavijo/Nutricenter-Contracting/internal/application/administrator/handlers/login_administrator_handler.go:41.115,44.3 2 0
github.com/carlosclavijo/Nutricenter-Contracting/internal/application/administrator/handlers/login_administrator_handler.go:46.2,48.16 3 0
github.com/carlosclavijo/Nutricenter-Contracting/internal/application/administrator/handlers/login_administrator_handler.go:48.16,51.3 2 0
github.com/carlosclavijo/Nutricenter-Contracting/internal/application/administrator/handlers/login_administrator_handler.go:53.2,53.19 1 0
github.com/carlosclavijo/Nutricenter-Contracting/internal/application/administrator/handlers/restore_administrator_handler.go:11.120,12.20 1 0
github.com/carlosclavijo/Nutricenter-Contracting/internal/application/administrator/handlers/restore_administrator_handler.go:12.20,15.3 2 0
github.com/carlosclavijo/Nutricenter-Contracting/internal/application/administrator/handlers/restore_administrator_handler.go:17.2,18.16 2 0
github.com/carlosclavijo/Nutricenter-Contracting/internal/application/administrator/handlers/restore_administrator_handler.go:18.16,21.3 2 0
github.com/carlosclavijo/Nutricenter-Contracting/internal/application/administrator/handlers/restore_administrator_handler.go:21.8,21.19 1 0
github.com/carlosclavijo/Nutricenter-Contracting/internal/application/administrator/handlers/restore_administrator_handler.go:21.19,24.3 2 0
github.com/carlosclavijo/Nutricenter-Contracting/internal/application/administrator/handlers/restore_administrator_handler.go:26.2,27.16 2 0
github.com/carlosclavijo/Nutricenter-Contracting/internal/application/administrator/handlers/restore_administrator_handler.go:27.16,30.3 2 0
github.com/carlosclavijo/Nutricenter-Contracting/internal/application/administrator/handlers/restore_administrator_handler.go:32.2,32.19 1 0
github.com/carlosclavijo/Nutricenter-Contracting/internal/application/administrator/handlers/update_administrator_handler.go:14.146,16.16 2 0
github.com/carlosclavijo/Nutricenter-Contracting/internal/application/administrator/handlers/update_administrator_handler.go:16.16,19.3 2 0
github.com/carlosclavijo/Nutricenter-Contracting/internal/application/administrator/handlers/update_administrator_handler.go:19.8,19.19 1 0
github.com/carlosclavijo/Nutricenter-Contracting/internal/application/administrator/handlers/update_administrator_handler.go:19.19,22.3 2 0
github.com/carlosclavijo/Nutricenter-Contracting/internal/application/administrator/handlers/update_administrator_handler.go:24.2,25.16 2 0
github.com/carlosclavijo/Nutricenter-Contracting/internal/application/administrator/handlers/update_administrator_handler.go:25.16,28.3 2 0
github.com/carlosclavijo/Nutricenter-Contracting/internal/application/administrator/handlers/update_administrator_handler.go:30.2,31.16 2 0
github.com/carlosclavijo/Nutricenter-Contracting/internal/application/administrator/handlers/update_administrator_handler.go:31.16,34.3 2 0
github.com/carlosclavijo/Nutricenter-Contracting/internal/application/administrator/handlers/update_administrator_handler.go:36.2,37.16 2 0
github.com/carlosclavijo/Nutricenter-Contracting/internal/application/administrator/handlers/update_administrator_handler.go:37.16,40.3 2 0
github.com/carlosclavijo/Nutricenter-Contracting/internal/application/administrator/handlers/update_administrator_handler.go:42.2,43.16 2 0
github.com/carlosclavijo/Nutricenter-Contracting/internal/application/administrator/handlers/update_administrator_handler.go:43.16,46.3 2 0
github.com/carlosclavijo/Nutricenter-Contracting/internal/application/administrator/handlers/update_administrator_handler.go:48.2,49.16 2 0
github.com/carlosclavijo/Nutricenter-Contracting/internal/application/administrator/handlers/update_administrator_handler.go:49.16,52.3 2 0
github.com/carlosclavijo/Nutricenter-Contracting/internal/application/administrator/handlers/update_administrator_handler.go:54.2,54.24 1 0
github.com/carlosclavijo/Nutricenter-Contracting/internal/application/administrator/handlers/update_administrator_handler.go:54.24,57.3 2 0
github.com/carlosclavijo/Nutricenter-Contracting/internal/application/administrator/handlers/update_administrator_handler.go:59.2,63.16 4 0
github.com/carlosclavijo/Nutricenter-Contracting/internal/application/administrator/handlers/update_administrator_handler.go:63.16,66.3 2 0
github.com/carlosclavijo/Nutricenter-Contracting/internal/application/administrator/handlers/update_administrator_handler.go:68.2,68.19 1 0
github.com/carlosclavijo/Nutricenter-Contracting/internal/application/patient/handlers/create_patient_handler.go:12.122,14.16 2 0
github.com/carlosclavijo/Nutricenter-Contracting/internal/application/patient/handlers/create_patient_handler.go:14.16,17.3 2 0
github.com/carlosclavijo/Nutricenter-Contracting/internal/application/patient/handlers/create_patient_handler.go:19.2,20.16 2 0
github.com/carlosclavijo/Nutricenter-Contracting/internal/application/patient/handlers/create_patient_handler.go:20.16,23.3 2 0
github.com/carlosclavijo/Nutricenter-Contracting/internal/application/patient/handlers/create_patient_handler.go:25.2,26.16 2 0
github.com/carlosclavijo/Nutricenter-Contracting/internal/application/patient/handlers/create_patient_handler.go:26.16,29.3 2 0
github.com/carlosclavijo/Nutricenter-Contracting/internal/application/patient/handlers/create_patient_handler.go:31.2,32.16 2 0
github.com/carlosclavijo/Nutricenter-Contracting/internal/application/patient/handlers/create_patient_handler.go:32.16,35.3 2 0
github.com/carlosclavijo/Nutricenter-Contracting/internal/application/patient/handlers/create_patient_handler.go:37.2,38.16 2 0
github.com/carlosclavijo/Nutricenter-Contracting/internal/application/patient/handlers/create_patient_handler.go:38.16,41.3 2 0
github.com/carlosclavijo/Nutricenter-Contracting/internal/application/patient/handlers/create_patient_handler.go:43.2,44.16 2 0
github.com/carlosclavijo/Nutricenter-Contracting/internal/application/patient/handlers/create_patient_handler.go:44.16,47.3 2 0
github.com/carlosclavijo/Nutricenter-Contracting/internal/application/patient/handlers/create_patient_handler.go:49.2,50.16 2 0
github.com/carlosclavijo/Nutricenter-Contracting/internal/application/patient/handlers/create_patient_handler.go:50.16,53.3 2 0
github.com/carlosclavijo/Nutricenter-Contracting/internal/application/patient/handlers/create_patient_handler.go:55.2,57.16 2 0
github.com/carlosclavijo/Nutricenter-Contracting/internal/application/patient/handlers/create_patient_handler.go:57.16,60.3 2 0
github.com/carlosclavijo/Nutricenter-Contracting/internal/application/patient/handlers/create_patient_handler.go:62.2,62.19 1 0
github.com/carlosclavijo/Nutricenter-Contracting/internal/application/patient/handlers/delete_patient_handler.go:11.101,12.20 1 0
github.com/carlosclavijo/Nutricenter-Contracting/internal/application/patient/handlers/delete_patient_handler.go:12.20,15.3 2 0
github.com/carlosclavijo/Nutricenter-Contracting/internal/application/patient/handlers/delete_patient_handler.go:17.2,18.16 2 0
github.com/carlosclavijo/Nutricenter-Contracting/internal/application/patient/handlers/delete_patient_handler.go:18.16,21.3 2 0
github.com/carlosclavijo/Nutricenter-Contracting/internal/application/patient/handlers/delete_patient_handler.go:21.8,21.19 1 0
github.com/carlosclavijo/Nutricenter-Contracting/internal/application/patient/handlers/delete_patient_handler.go:21.19,24.3 2 0
github.com/carlosclavijo/Nutricenter-Contracting/internal/application/patient/handlers/delete_patient_handler.go:26.2,27.16 2 0
github.com/carlosclavijo/Nutricenter-Contracting/internal/application/patient/handlers/delete_patient_handler.go:27.16,30.3 2 0
github.com/carlosclavijo/Nutricenter-Contracting/internal/application/patient/handlers/delete_patient_handler.go:32.2,32.19 1 0
github.com/carlosclavijo/Nutricenter-Contracting/internal/application/patient/handlers/login_patient_handler.go:14.120,16.16 2 0
github.com/carlosclavijo/Nutricenter-Contracting/internal/application/patient/handlers/login_patient_handler.go:16.16,19.3 2 0
github.com/carlosclavijo/Nutricenter-Contracting/internal/application/patient/handlers/login_patient_handler.go:19.8,19.19 1 0
github.com/carlosclavijo/Nutricenter-Contracting/internal/application/patient/handlers/login_patient_handler.go:19.19,22.3 2 0
github.com/carlosclavijo/Nutricenter-Contracting/internal/application/patient/handlers/login_patient_handler.go:24.2,25.16 2 0
github.com/carlosclavijo/Nutricenter-Contracting/internal/application/patient/handlers/login_patient_handler.go:25.16,28.3 2 0
github.com/carlosclavijo/Nutricenter-Contracting/internal/application/patient/handlers/login_patient_handler.go:30.2,31.16 2 0
github.com/carlosclavijo/Nutricenter-Contracting/internal/application/patient/handlers/login_patient_handler.go:31.16,34.3 2 0
github.com/carlosclavijo/Nutricenter-Contracting/internal/application/patient/handlers/login_patient_handler.go:36.2,37.16 2 0
github.com/carlosclavijo/Nutricenter-Contracting/internal/application/patient/handlers/login_patient_handler.go:37.16,39.3 1 0
github.com/carlosclavijo/Nutricenter-Contracting/internal/application/patient/handlers/login_patient_handler.go:41.2,41.117 1 0
github.com/carlosclavijo/Nutricenter-Contracting/internal/application/patient/handlers/login_patient_handler.go:41.117,44.3 2 0
github.com/carlosclavijo/Nutricenter-Contracting/internal/application/patient/handlers/login_patient_handler.go:46.2,48.16 3 0
github.com/carlosclavijo/Nutricenter-Contracting/internal/application/patient/handlers/login_patient_handler.go:48.16,51.3 2 0
github.com/carlosclavijo/Nutricenter-Contracting/internal/application/patient/handlers/login_patient_handler.go:53.2,53.21 1 0
github.com/carlosclavijo/Nutricenter-Contracting/internal/application/patient/handlers/patient_handler.go:10.97,15.2 1 0
github.com/carlosclavijo/Nutricenter-Contracting/internal/application/patient/handlers/restore_patient_handler.go:11.102,12.20 1 0
github.com/carlosclavijo/Nutricenter-Contracting/internal/application/patient/handlers/restore_patient_handler.go:12.20,15.3 2 0
github.com/carlosclavijo/Nutricenter-Contracting/internal/application/patient/handlers/restore_patient_handler.go:17.2,18.16 2 0
github.com/carlosclavijo/Nutricenter-Contracting/internal/application/patient/handlers/restore_patient_handler.go:18.16,21.3 2 0
github.com/carlosclavijo/Nutricenter-Contracting/internal/application/patient/handlers/restore_patient_handler.go:21.8,21.19 1 0
github.com/carlosclavijo/Nutricenter-Contracting/internal/application/patient/handlers/restore_patient_handler.go:21.19,24.3 2 0
github.com/carlosclavijo/Nutricenter-Contracting/internal/application/patient/handlers/restore_patient_handler.go:26.2,27.16 2 0
github.com/carlosclavijo/Nutricenter-Contracting/internal/application/patient/handlers/restore_patient_handler.go:27.16,30.3 2 0
github.com/carlosclavijo/Nutricenter-Contracting/internal/application/patient/handlers/restore_patient_handler.go:32.2,32.19 1 0
github.com/carlosclavijo/Nutricenter-Contracting/internal/application/patient/handlers/update_patient_handler.go:14.122,16.16 2 0
github.com/carlosclavijo/Nutricenter-Contracting/internal/application/patient/handlers/update_patient_handler.go:16.16,19.3 2 0
github.com/carlosclavijo/Nutricenter-Contracting/internal/application/patient/handlers/update_patient_handler.go:19.8,19.19 1 0
github.com/carlosclavijo/Nutricenter-Contracting/internal/application/patient/handlers/update_patient_handler.go:19.19,22.3 2 0
github.com/carlosclavijo/Nutricenter-Contracting/internal/application/patient/handlers/update_patient_handler.go:24.2,25.16 2 0
github.com/carlosclavijo/Nutricenter-Contracting/internal/application/patient/handlers/update_patient_handler.go:25.16,28.3 2 0
github.com/carlosclavijo/Nutricenter-Contracting/internal/application/patient/handlers/update_patient_handler.go:30.2,31.16 2 0
github.com/carlosclavijo/Nutricenter-Contracting/internal/application/patient/handlers/update_patient_handler.go:31.16,34.3 2 0
github.com/carlosclavijo/Nutricenter-Contracting/internal/application/patient/handlers/update_patient_handler.go:36.2,37.16 2 0
github.com/carlosclavijo/Nutricenter-Contracting/internal/application/patient/handlers/update_patient_handler.go:37.16,40.3 2 0
github.com/carlosclavijo/Nutricenter-Contracting/internal/application/patient/handlers/update_patient_handler.go:42.2,43.16 2 0
github.com/carlosclavijo/Nutricenter-Contracting/internal/application/patient/handlers/update_patient_handler.go:43.16,46.3 2 0
github.com/carlosclavijo/Nutricenter-Contracting/internal/application/patient/handlers/update_patient_handler.go:48.2,49.16 2 0
github.com/carlosclavijo/Nutricenter-Contracting/internal/application/patient/handlers/update_patient_handler.go:49.16,52.3 2 0
github.com/carlosclavijo/Nutricenter-Contracting/internal/application/patient/handlers/update_patient_handler.go:54.2,54.24 1 0
github.com/carlosclavijo/Nutricenter-Contracting/internal/application/patient/handlers/update_patient_handler.go:54.24,57.3 2 0
github.com/carlosclavijo/Nutricenter-Contracting/internal/application/patient/handlers/update_patient_handler.go:59.2,63.16 4 0
github.com/carlosclavijo/Nutricenter-Contracting/internal/application/patient/handlers/update_patient_handler.go:63.16,66.3 2 0
github.com/carlosclavijo/Nutricenter-Contracting/internal/application/patient/handlers/update_patient_handler.go:68.2,68.21 1 0
github.com/carlosclavijo/Nutricenter-Contracting/cmd/web/main.go:13.13,17.16 3 0
github.com/carlosclavijo/Nutricenter-Contracting/cmd/web/main.go:17.16,20.3 2 0
github.com/carlosclavijo/Nutricenter-Contracting/cmd/web/main.go:22.2,25.16 3 0
github.com/carlosclavijo/Nutricenter-Contracting/cmd/web/main.go:25.16,28.3 2 0
github.com/carlosclavijo/Nutricenter-Contracting/internal/application/contract/handlers/change_status_contract_handler.go:11.138,13.16 2 0
github.com/carlosclavijo/Nutricenter-Contracting/internal/application/contract/handlers/change_status_contract_handler.go:13.16,16.3 2 0
github.com/carlosclavijo/Nutricenter-Contracting/internal/application/contract/handlers/change_status_contract_handler.go:18.2,19.16 2 0
github.com/carlosclavijo/Nutricenter-Contracting/internal/application/contract/handlers/change_status_contract_handler.go:19.16,22.3 2 0
github.com/carlosclavijo/Nutricenter-Contracting/internal/application/contract/handlers/change_status_contract_handler.go:24.2,25.17 2 0
github.com/carlosclavijo/Nutricenter-Contracting/internal/application/contract/handlers/change_status_contract_handler.go:25.17,28.3 2 0
github.com/carlosclavijo/Nutricenter-Contracting/internal/application/contract/handlers/change_status_contract_handler.go:28.8,28.58 1 0
github.com/carlosclavijo/Nutricenter-Contracting/internal/application/contract/handlers/change_status_contract_handler.go:28.58,31.3 2 0
github.com/carlosclavijo/Nutricenter-Contracting/internal/application/contract/handlers/change_status_contract_handler.go:31.8,31.60 1 0
github.com/carlosclavijo/Nutricenter-Contracting/internal/application/contract/handlers/change_status_contract_handler.go:31.60,34.3 2 0
github.com/carlosclavijo/Nutricenter-Contracting/internal/application/contract/handlers/change_status_contract_handler.go:34.8,34.29 1 0
github.com/carlosclavijo/Nutricenter-Contracting/internal/application/contract/handlers/change_status_contract_handler.go:34.29,37.3 2 0
github.com/carlosclavijo/Nutricenter-Contracting/internal/application/contract/handlers/change_status_contract_handler.go:39.2,40.16 2 0
github.com/carlosclavijo/Nutricenter-Contracting/internal/application/contract/handlers/change_status_contract_handler.go:40.16,43.3 2 0
github.com/carlosclavijo/Nutricenter-Contracting/internal/application/contract/handlers/change_status_contract_handler.go:45.2,45.25 1 0
github.com/carlosclavijo/Nutricenter-Contracting/internal/application/contract/handlers/contract_handler.go:10.103,15.2 1 0
github.com/carlosclavijo/Nutricenter-Contracting/internal/application/contract/handlers/create_contract_handler.go:11.126,13.16 2 0
github.com/carlosclavijo/Nutricenter-Contracting/internal/application/contract/handlers/create_contract_handler.go:13.16,16.3 2 0
github.com/carlosclavijo/Nutricenter-Contracting/internal/application/contract/handlers/create_contract_handler.go:18.2,19.16 2 0
github.com/carlosclavijo/Nutricenter-Contracting/internal/application/contract/handlers/create_contract_handler.go:19.16,22.3 2 0
github.com/carlosclavijo/Nutricenter-Contracting/internal/application/contract/handlers/create_contract_handler.go:24.2,25.16 2 0
github.com/carlosclavijo/Nutricenter-Contracting/internal/application/contract/handlers/create_contract_handler.go:25.16,28.3 2 0
github.com/carlosclavijo/Nutricenter-Contracting/internal/application/contract/handlers/create_contract_handler.go:30.2,31.16 2 0
github.com/carlosclavijo/Nutricenter-Contracting/internal/application/contract/handlers/create_contract_handler.go:31.16,34.3 2 0
github.com/carlosclavijo/Nutricenter-Contracting/internal/application/contract/handlers/create_contract_handler.go:36.2,37.22 2 0
github.com/carlosclavijo/Nutricenter-Contracting/internal/domain/contract/contract.go:28.200,42.2 2 0
github.com/carlosclavijo/Nutricenter-Contracting/internal/domain/contract/contract.go:44.164,46.22 2 0
github.com/carlosclavijo/Nutricenter-Contracting/internal/domain/contract/contract.go:46.22,47.27 1 0
github.com/carlosclavijo/Nutricenter-Contracting/internal/domain/contract/contract.go:47.27,50.4 2 0
github.com/carlosclavijo/Nutricenter-Contracting/internal/domain/contract/contract.go:51.8,51.27 1 0
github.com/carlosclavijo/Nutricenter-Contracting/internal/domain/contract/contract.go:51.27,52.27 1 0
github.com/carlosclavijo/Nutricenter-Contracting/internal/domain/contract/contract.go:52.27,55.4 2 0
github.com/carlosclavijo/Nutricenter-Contracting/internal/domain/contract/contract.go:57.2,57.13 1 0
github.com/carlosclavijo/Nutricenter-Contracting/internal/domain/contract/contract.go:60.39,61.33 1 0
github.com/carlosclavijo/Nutricenter-Contracting/internal/domain/contract/contract.go:61.33,63.3 1 0
github.com/carlosclavijo/Nutricenter-Contracting/internal/domain/contract/contract.go:64.2,65.12 2 0
github.com/carlosclavijo/Nutricenter-Contracting/internal/domain/contract/contract.go:68.38,69.32 1 0
github.com/carlosclavijo/Nutricenter-Contracting/internal/domain/contract/contract.go:69.32,71.3 1 0
github.com/carlosclavijo/Nutricenter-Contracting/internal/domain/contract/contract.go:72.2,73.12 2 0
github.com/carlosclavijo/Nutricenter-Contracting/internal/domain/contract/contract.go:76.35,78.2 1 0
github.com/carlosclavijo/Nutricenter-Contracting/internal/domain/contract/contract.go:80.48,82.2 1 0
github.com/carlosclavijo/Nutricenter-Contracting/internal/domain/contract/contract.go:84.42,86.2 1 0
github.com/carlosclavijo/Nutricenter-Contracting/internal/domain/contract/contract.go:88.48,90.2 1 0
github.com/carlosclavijo/Nutricenter-Contracting/internal/domain/contract/contract.go:92.52,94.2 1 0
github.com/carlosclavijo/Nutricenter-Contracting/internal/domain/contract/contract.go:96.45,98.2 1 0
github.com/carlosclavijo/Nutricenter-Contracting/internal/domain/contract/contract.go:100.42,102.2 1 0
github.com/carlosclavijo/Nutricenter-Contracting/internal/domain/contract/contract.go:104.40,106.2 1 0
github.com/carlosclavijo/Nutricenter-Contracting/internal/domain/contract/contract.go:108.36,110.2 1 0
github.com/carlosclavijo/Nutricenter-Contracting/internal/domain/contract/contract.go:112.55,114.2 1 0
github.com/carlosclavijo/Nutricenter-Contracting/internal/domain/contract/contract.go:116.42,118.2 1 0
github.com/carlosclavijo/Nutricenter-Contracting/internal/domain/contract/contract.go:120.42,122.2 1 0
github.com/carlosclavijo/Nutricenter-Contracting/internal/domain/contract/contract.go:124.43,126.2 1 0
github.com/carlosclavijo/Nutricenter-Contracting/internal/domain/contract/contract.go:128.183,147.2 3 0
github.com/carlosclavijo/Nutricenter-Contracting/internal/domain/contract/contract_factory.go:17.209,18.33 1 0
github.com/carlosclavijo/Nutricenter-Contracting/internal/domain/contract/contract_factory.go:18.33,21.3 2 0
github.com/carlosclavijo/Nutricenter-Contracting/internal/domain/contract/contract_factory.go:23.2,23.27 1 0
github.com/carlosclavijo/Nutricenter-Contracting/internal/domain/contract/contract_factory.go:23.27,26.3 2 0
github.com/carlosclavijo/Nutricenter-Contracting/internal/domain/contract/contract_factory.go:28.2,28.58 1 0
github.com/carlosclavijo/Nutricenter-Contracting/internal/domain/contract/contract_factory.go:28.58,31.3 2 0
github.com/carlosclavijo/Nutricenter-Contracting/internal/domain/contract/contract_factory.go:33.2,33.39 1 0
github.com/carlosclavijo/Nutricenter-Contracting/internal/domain/contract/contract_factory.go:33.39,36.3 2 0
github.com/carlosclavijo/Nutricenter-Contracting/internal/domain/contract/contract_factory.go:38.2,38.15 1 0
github.com/carlosclavijo/Nutricenter-Contracting/internal/domain/contract/contract_factory.go:38.15,41.3 2 0
github.com/carlosclavijo/Nutricenter-Contracting/internal/domain/contract/contract_factory.go:43.2,43.18 1 0
github.com/carlosclavijo/Nutricenter-Contracting/internal/domain/contract/contract_factory.go:43.18,46.3 2 0
github.com/carlosclavijo/Nutricenter-Contracting/internal/domain/contract/contract_factory.go:48.2,48.17 1 0
github.com/carlosclavijo/Nutricenter-Contracting/internal/domain/contract/contract_factory.go:48.17,51.3 2 0
github.com/carlosclavijo/Nutricenter-Contracting/internal/domain/contract/contract_factory.go:53.2,54.109 2 0
github.com/carlosclavijo/Nutricenter-Contracting/internal/domain/contract/contract_factory.go:57.53,64.2 5 0
github.com/carlosclavijo/Nutricenter-Contracting/internal/domain/contract/contract_factory.go:66.43,68.2 1 0
github.com/carlosclavijo/Nutricenter-Contracting/internal/domain/contract/contract_status.go:13.41,14.11 1 0
github.com/carlosclavijo/Nutricenter-Contracting/internal/domain/contract/contract_status.go:15.15,16.19 1 0
github.com/carlosclavijo/Nutricenter-Contracting/internal/domain/contract/contract_status.go:17.14,18.18 1 0
github.com/carlosclavijo/Nutricenter-Contracting/internal/domain/contract/contract_status.go:19.16,20.20 1 0
github.com/carlosclavijo/Nutricenter-Contracting/internal/domain/contract/contract_status.go:21.10,22.19 1 0
github.com/carlosclavijo/Nutricenter-Contracting/internal/domain/contract/contract_status.go:26.60,27.11 1 0
github.com/carlosclavijo/Nutricenter-Contracting/internal/domain/contract/contract_status.go:28.22,29.22 1 0
github.com/carlosclavijo/Nutricenter-Contracting/internal/domain/contract/contract_status.go:30.21,31.21 1 0
github.com/carlosclavijo/Nutricenter-Contracting/internal/domain/contract/contract_status.go:32.23,33.23 1 0
github.com/carlosclavijo/Nutricenter-Contracting/internal/domain/contract/contract_status.go:34.10,35.58 1 0
github.com/carlosclavijo/Nutricenter-Contracting/internal/domain/contract/contract_type.go:12.39,13.11 1 0
github.com/carlosclavijo/Nutricenter-Contracting/internal/domain/contract/contract_type.go:14.15,15.19 1 0
github.com/carlosclavijo/Nutricenter-Contracting/internal/domain/contract/contract_type.go:16.17,17.22 1 0
github.com/carlosclavijo/Nutricenter-Contracting/internal/domain/contract/contract_type.go:18.10,19.19 1 0
github.com/carlosclavijo/Nutricenter-Contracting/internal/domain/contract/contract_type.go:23.56,24.11 1 0
github.com/carlosclavijo/Nutricenter-Contracting/internal/domain/contract/contract_type.go:25.22,26.22 1 0
github.com/carlosclavijo/Nutricenter-Contracting/internal/domain/contract/contract_type.go:27.25,28.24 1 0
github.com/carlosclavijo/Nutricenter-Contracting/internal/domain/contract/contract_type.go:29.10,30.57 1 0
github.com/carlosclavijo/Nutricenter-Contracting/internal/domain/patient/patient.go:25.147,36.2 1 0
github.com/carlosclavijo/Nutricenter-Contracting/internal/domain/patient/patient.go:38.38,40.2 1 0
github.com/carlosclavijo/Nutricenter-Contracting/internal/domain/patient/patient.go:42.42,44.2 1 0
github.com/carlosclavijo/Nutricenter-Contracting/internal/domain/patient/patient.go:46.41,48.2 1 0
github.com/carlosclavijo/Nutricenter-Contracting/internal/domain/patient/patient.go:50.40,52.2 1 0
github.com/carlosclavijo/Nutricenter-Contracting/internal/domain/patient/patient.go:54.46,56.2 1 0
github.com/carlosclavijo/Nutricenter-Contracting/internal/domain/patient/patient.go:58.42,60.2 1 0
github.com/carlosclavijo/Nutricenter-Contracting/internal/domain/patient/patient.go:62.44,64.2 1 0
github.com/carlosclavijo/Nutricenter-Contracting/internal/domain/patient/patient.go:66.41,68.2 1 0
github.com/carlosclavijo/Nutricenter-Contracting/internal/domain/patient/patient.go:70.45,72.2 1 0
github.com/carlosclavijo/Nutricenter-Contracting/internal/domain/patient/patient.go:74.198,95.2 6 0
github.com/carlosclavijo/Nutricenter-Contracting/internal/domain/patient/patient_factory.go:16.170,17.21 1 0
github.com/carlosclavijo/Nutricenter-Contracting/internal/domain/patient/patient_factory.go:17.21,20.3 2 0
github.com/carlosclavijo/Nutricenter-Contracting/internal/domain/patient/patient_factory.go:22.2,22.20 1 0
github.com/carlosclavijo/Nutricenter-Contracting/internal/domain/patient/patient_factory.go:22.20,25.3 2 0
github.com/carlosclavijo/Nutricenter-Contracting/internal/domain/patient/patient_factory.go:27.2,27.26 1 0
github.com/carlosclavijo/Nutricenter-Contracting/internal/domain/patient/patient_factory.go:27.26,30.3 2 0
github.com/carlosclavijo/Nutricenter-Contracting/internal/domain/patient/patient_factory.go:32.2,32.25 1 0
github.com/carlosclavijo/Nutricenter-Contracting/internal/domain/patient/patient_factory.go:32.25,35.3 2 0
github.com/carlosclavijo/Nutricenter-Contracting/internal/domain/patient/patient_factory.go:37.2,37.25 1 0
github.com/carlosclavijo/Nutricenter-Contracting/internal/domain/patient/patient_factory.go:37.25,40.3 2 0
github.com/carlosclavijo/Nutricenter-Contracting/internal/domain/patient/patient_factory.go:42.2,42.24 1 0
github.com/carlosclavijo/Nutricenter-Contracting/internal/domain/patient/patient_factory.go:42.24,45.3 2 0
github.com/carlosclavijo/Nutricenter-Contracting/internal/domain/patient/patient_factory.go:47.2,48.85 2 0
github.com/carlosclavijo/Nutricenter-Contracting/internal/domain/patient/patient_factory.go:51.41,53.2 1 0
github.com/carlosclavijo/Nutricenter-Contracting/internal/domain/patient/patient_factory.go:55.29,56.22 1 0
github.com/carlosclavijo/Nutricenter-Contracting/internal/domain/patient/patient_factory.go:56.22,57.39 1 0
github.com/carlosclavijo/Nutricenter-Contracting/internal/domain/patient/patient_factory.go:57.39,59.4 1 0
github.com/carlosclavijo/Nutricenter-Contracting/internal/domain/patient/patient_factory.go:61.2,61.13 1 0
github.com/carlosclavijo/Nutricenter-Contracting/internal/domain/delivery/delivery.go:23.131,33.2 1 0
github.com/carlosclavijo/Nutricenter-Contracting/internal/domain/delivery/delivery.go:35.147,48.2 3 0
github.com/carlosclavijo/Nutricenter-Contracting/internal/domain/delivery/delivery.go:50.35,52.2 1 0
github.com/carlosclavijo/Nutricenter-Contracting/internal/domain/delivery/delivery.go:54.43,56.2 1 0
github.com/carlosclavijo/Nutricenter-Contracting/internal/domain/delivery/delivery.go:58.37,60.2 1 0
github.com/carlosclavijo/Nutricenter-Contracting/internal/domain/delivery/delivery.go:62.36,64.2 1 0
github.com/carlosclavijo/Nutricenter-Contracting/internal/domain/delivery/delivery.go:66.33,68.2 1 0
github.com/carlosclavijo/Nutricenter-Contracting/internal/domain/delivery/delivery.go:70.59,72.2 1 0
github.com/carlosclavijo/Nutricenter-Contracting/internal/domain/delivery/delivery.go:74.44,76.2 1 0
github.com/carlosclavijo/Nutricenter-Contracting/internal/domain/delivery/delivery.go:78.42,80.2 1 0
github.com/carlosclavijo/Nutricenter-Contracting/internal/domain/delivery/delivery.go:82.42,84.2 1 0
github.com/carlosclavijo/Nutricenter-Contracting/internal/domain/delivery/delivery.go:86.43,88.2 1 0
github.com/carlosclavijo/Nutricenter-Contracting/internal/domain/delivery/delivery.go:90.54,93.2 2 0
github.com/carlosclavijo/Nutricenter-Contracting/internal/domain/delivery/delivery.go:95.30,97.2 0 0
github.com/carlosclavijo/Nutricenter-Contracting/internal/domain/delivery/delivery_status.go:13.41,14.11 1 0
github.com/carlosclavijo/Nutricenter-Contracting/internal/domain/delivery/delivery_status.go:15.15,16.19 1 0
github.com/carlosclavijo/Nutricenter-Contracting/internal/domain/delivery/delivery_status.go:17.17,18.21 1 0
github.com/carlosclavijo/Nutricenter-Contracting/internal/domain/delivery/delivery_status.go:19.17,20.21 1 0
github.com/carlosclavijo/Nutricenter-Contracting/internal/domain/delivery/delivery_status.go:21.10,22.19 1 0
github.com/carlosclavijo/Nutricenter-Contracting/internal/domain/delivery/delivery_status.go:26.60,27.11 1 0
github.com/carlosclavijo/Nutricenter-Contracting/internal/domain/delivery/delivery_status.go:28.17,29.22 1 0
github.com/carlosclavijo/Nutricenter-Contracting/internal/domain/delivery/delivery_status.go:30.19,31.24 1 0
github.com/carlosclavijo/Nutricenter-Contracting/internal/domain/delivery/delivery_status.go:32.19,33.24 1 0
github.com/carlosclavijo/Nutricenter-Contracting/internal/domain/delivery/delivery_status.go:34.10,35.58 1 0
github.com/carlosclavijo/Nutricenter-Contracting/internal/domain/valueobjects/birth_date.go:13.51,14.25 1 1
github.com/carlosclavijo/Nutricenter-Contracting/internal/domain/valueobjects/birth_date.go:14.25,17.3 2 1
github.com/carlosclavijo/Nutricenter-Contracting/internal/domain/valueobjects/birth_date.go:17.8,17.26 1 1
github.com/carlosclavijo/Nutricenter-Contracting/internal/domain/valueobjects/birth_date.go:17.26,20.3 2 1
github.com/carlosclavijo/Nutricenter-Contracting/internal/domain/valueobjects/birth_date.go:21.2,21.33 1 1
github.com/carlosclavijo/Nutricenter-Contracting/internal/domain/valueobjects/birth_date.go:24.38,26.2 1 1
github.com/carlosclavijo/Nutricenter-Contracting/internal/domain/valueobjects/birth_date.go:28.34,31.2 2 1
github.com/carlosclavijo/Nutricenter-Contracting/internal/domain/valueobjects/coordinates.go:12.71,13.37 1 1
github.com/carlosclavijo/Nutricenter-Contracting/internal/domain/valueobjects/coordinates.go:13.37,15.3 1 1
github.com/carlosclavijo/Nutricenter-Contracting/internal/domain/valueobjects/coordinates.go:16.2,16.41 1 1
github.com/carlosclavijo/Nutricenter-Contracting/internal/domain/valueobjects/coordinates.go:16.41,18.3 1 1
github.com/carlosclavijo/Nutricenter-Contracting/internal/domain/valueobjects/coordinates.go:19.2,19.56 1 1
github.com/carlosclavijo/Nutricenter-Contracting/internal/domain/valueobjects/coordinates.go:22.42,24.2 1 1
github.com/carlosclavijo/Nutricenter-Contracting/internal/domain/valueobjects/coordinates.go:26.43,28.2 1 1
github.com/carlosclavijo/Nutricenter-Contracting/internal/domain/valueobjects/email.go:15.40,16.13 1 1
github.com/carlosclavijo/Nutricenter-Contracting/internal/domain/valueobjects/email.go:16.13,19.3 2 1
github.com/carlosclavijo/Nutricenter-Contracting/internal/domain/valueobjects/email.go:20.2,20.22 1 1
github.com/carlosclavijo/Nutricenter-Contracting/internal/domain/valueobjects/email.go:20.22,23.3 2 1
github.com/carlosclavijo/Nutricenter-Contracting/internal/domain/valueobjects/email.go:23.8,23.25 1 1
github.com/carlosclavijo/Nutricenter-Contracting/internal/domain/valueobjects/email.go:23.25,26.3 2 1
github.com/carlosclavijo/Nutricenter-Contracting/internal/domain/valueobjects/email.go:27.2,27.29 1 1
github.com/carlosclavijo/Nutricenter-Contracting/internal/domain/valueobjects/email.go:30.31,32.2 1 1
github.com/carlosclavijo/Nutricenter-Contracting/internal/domain/valueobjects/email.go:34.38,37.2 2 1
github.com/carlosclavijo/Nutricenter-Contracting/internal/domain/valueobjects/gender.go:13.33,14.11 1 1
github.com/carlosclavijo/Nutricenter-Contracting/internal/domain/valueobjects/gender.go:15.17,16.21 1 1
github.com/carlosclavijo/Nutricenter-Contracting/internal/domain/valueobjects/gender.go:17.12,18.16 1 1
github.com/carlosclavijo/Nutricenter-Contracting/internal/domain/valueobjects/gender.go:19.14,20.18 1 1
github.com/carlosclavijo/Nutricenter-Contracting/internal/domain/valueobjects/gender.go:21.10,22.19 1 1
github.com/carlosclavijo/Nutricenter-Contracting/internal/domain/valueobjects/gender.go:26.44,27.11 1 1
github.com/carlosclavijo/Nutricenter-Contracting/internal/domain/valueobjects/gender.go:28.24,29.24 1 1
github.com/carlosclavijo/Nutricenter-Contracting/internal/domain/valueobjects/gender.go:30.19,31.19 1 1
github.com/carlosclavijo/Nutricenter-Contracting/internal/domain/valueobjects/gender.go:32.21,33.21 1 1
github.com/carlosclavijo/Nutricenter-Contracting/internal/domain/valueobjects/gender.go:34.10,35.52 1 1
github.com/carlosclavijo/Nutricenter-Contracting/internal/domain/valueobjects/password.go:13.46,14.13 1 1
github.com/carlosclavijo/Nutricenter-Contracting/internal/domain/valueobjects/password.go:14.13,17.3 2 1
github.com/carlosclavijo/Nutricenter-Contracting/internal/domain/valueobjects/password.go:17.8,17.24 1 1
github.com/carlosclavijo/Nutricenter-Contracting/internal/domain/valueobjects/password.go:17.24,20.3 2 1
github.com/carlosclavijo/Nutricenter-Contracting/internal/domain/valueobjects/password.go:20.8,20.23 1 1
github.com/carlosclavijo/Nutricenter-Contracting/internal/domain/valueobjects/password.go:20.23,23.3 2 1
github.com/carlosclavijo/Nutricenter-Contracting/internal/domain/valueobjects/password.go:23.8,23.33 1 1
github.com/carlosclavijo/Nutricenter-Contracting/internal/domain/valueobjects/password.go:23.33,26.3 2 1
github.com/carlosclavijo/Nutricenter-Contracting/internal/domain/valueobjects/password.go:27.2,27.25 1 1
github.com/carlosclavijo/Nutricenter-Contracting/internal/domain/valueobjects/password.go:30.35,32.2 1 1
github.com/carlosclavijo/Nutricenter-Contracting/internal/domain/valueobjects/password.go:34.38,41.2 5 1
github.com/carlosclavijo/Nutricenter-Contracting/internal/domain/valueobjects/phone.go:13.42,14.26 1 1
github.com/carlosclavijo/Nutricenter-Contracting/internal/domain/valueobjects/phone.go:14.26,16.3 1 1
github.com/carlosclavijo/Nutricenter-Contracting/internal/domain/valueobjects/phone.go:16.8,16.27 1 1
github.com/carlosclavijo/Nutricenter-Contracting/internal/domain/valueobjects/phone.go:16.27,19.3 2 1
github.com/carlosclavijo/Nutricenter-Contracting/internal/domain/valueobjects/phone.go:19.8,19.24 1 1
github.com/carlosclavijo/Nutricenter-Contracting/internal/domain/valueobjects/phone.go:19.24,22.3 2 1
github.com/carlosclavijo/Nutricenter-Contracting/internal/domain/valueobjects/phone.go:22.8,22.25 1 1
github.com/carlosclavijo/Nutricenter-Contracting/internal/domain/valueobjects/phone.go:22.25,25.3 2 1
github.com/carlosclavijo/Nutricenter-Contracting/internal/domain/valueobjects/phone.go:26.2,26.30 1 1
github.com/carlosclavijo/Nutricenter-Contracting/internal/domain/valueobjects/phone.go:29.33,31.2 1 1
github.com/carlosclavijo/Nutricenter-Contracting/internal/domain/valueobjects/phone.go:33.33,34.24 1 1
github.com/carlosclavijo/Nutricenter-Contracting/internal/domain/valueobjects/phone.go:34.24,35.26 1 1
github.com/carlosclavijo/Nutricenter-Contracting/internal/domain/valueobjects/phone.go:35.26,37.4 1 1
github.com/carlosclavijo/Nutricenter-Contracting/internal/domain/valueobjects/phone.go:39.2,39.13 1 1
github.com/carlosclavijo/Nutricenter-Contracting/internal/infrastructure/persistence/database.go:11.39,23.16 4 0
github.com/carlosclavijo/Nutricenter-Contracting/internal/infrastructure/persistence/database.go:23.16,26.3 2 0
github.com/carlosclavijo/Nutricenter-Contracting/internal/infrastructure/persistence/database.go:28.2,28.33 1 0
github.com/carlosclavijo/Nutricenter-Contracting/internal/infrastructure/persistence/database.go:28.33,31.3 2 0
github.com/carlosclavijo/Nutricenter-Contracting/internal/infrastructure/persistence/database.go:32.2,32.16 1 0
github.com/carlosclavijo/Nutricenter-Contracting/internal/web/routes.go:15.36,21.2 1 0
github.com/carlosclavijo/Nutricenter-Contracting/internal/web/routes.go:23.38,31.2 5 0
github.com/carlosclavijo/Nutricenter-Contracting/internal/infrastructure/handlers/patient/count_active_patients_handler.go:9.116,11.16 2 0
github.com/carlosclavijo/Nutricenter-Contracting/internal/infrastructure/handlers/patient/count_active_patients_handler.go:11.16,14.3 2 0
github.com/carlosclavijo/Nutricenter-Contracting/internal/infrastructure/handlers/patient/count_active_patients_handler.go:15.2,15.19 1 0
github.com/carlosclavijo/Nutricenter-Contracting/internal/infrastructure/handlers/patient/count_all_patients_handler.go:9.110,11.16 2 0
github.com/carlosclavijo/Nutricenter-Contracting/internal/infrastructure/handlers/patient/count_all_patients_handler.go:11.16,14.3 2 0
github.com/carlosclavijo/Nutricenter-Contracting/internal/infrastructure/handlers/patient/count_all_patients_handler.go:15.2,15.19 1 0
github.com/carlosclavijo/Nutricenter-Contracting/internal/infrastructure/handlers/patient/count_deleted_patients_handler.go:9.118,11.16 2 0
github.com/carlosclavijo/Nutricenter-Contracting/internal/infrastructure/handlers/patient/count_deleted_patients_handler.go:11.16,14.3 2 0
github.com/carlosclavijo/Nutricenter-Contracting/internal/infrastructure/handlers/patient/count_deleted_patients_handler.go:15.2,15.19 1 0
github.com/carlosclavijo/Nutricenter-Contracting/internal/infrastructure/handlers/patient/exist_patient_by_email.go:9.118,11.16 2 0
github.com/carlosclavijo/Nutricenter-Contracting/internal/infrastructure/handlers/patient/exist_patient_by_email.go:11.16,14.3 2 0
github.com/carlosclavijo/Nutricenter-Contracting/internal/infrastructure/handlers/patient/exist_patient_by_email.go:15.2,15.19 1 0
github.com/carlosclavijo/Nutricenter-Contracting/internal/infrastructure/handlers/patient/exist_patient_by_id_handler.go:9.112,11.16 2 0
github.com/carlosclavijo/Nutricenter-Contracting/internal/infrastructure/handlers/patient/exist_patient_by_id_handler.go:11.16,14.3 2 0
github.com/carlosclavijo/Nutricenter-Contracting/internal/infrastructure/handlers/patient/exist_patient_by_id_handler.go:15.2,15.19 1 0
github.com/carlosclavijo/Nutricenter-Contracting/internal/infrastructure/handlers/patient/get_all_patients_handler.go:10.120,12.16 2 0
github.com/carlosclavijo/Nutricenter-Contracting/internal/infrastructure/handlers/patient/get_all_patients_handler.go:12.16,15.3 2 0
github.com/carlosclavijo/Nutricenter-Contracting/internal/infrastructure/handlers/patient/get_all_patients_handler.go:17.2,18.35 2 0
github.com/carlosclavijo/Nutricenter-Contracting/internal/infrastructure/handlers/patient/get_all_patients_handler.go:18.35,21.3 2 0
github.com/carlosclavijo/Nutricenter-Contracting/internal/infrastructure/handlers/patient/get_all_patients_handler.go:23.2,23.25 1 0
github.com/carlosclavijo/Nutricenter-Contracting/internal/infrastructure/handlers/patient/get_list_patients_handler.go:10.122,12.16 2 0
github.com/carlosclavijo/Nutricenter-Contracting/internal/infrastructure/handlers/patient/get_list_patients_handler.go:12.16,15.3 2 0
github.com/carlosclavijo/Nutricenter-Contracting/internal/infrastructure/handlers/patient/get_list_patients_handler.go:17.2,18.35 2 0
github.com/carlosclavijo/Nutricenter-Contracting/internal/infrastructure/handlers/patient/get_list_patients_handler.go:18.35,21.3 2 0
github.com/carlosclavijo/Nutricenter-Contracting/internal/infrastructure/handlers/patient/get_list_patients_handler.go:23.2,23.25 1 0
github.com/carlosclavijo/Nutricenter-Contracting/internal/infrastructure/handlers/patient/get_patient_by_email_handler.go:10.125,12.16 2 0
github.com/carlosclavijo/Nutricenter-Contracting/internal/infrastructure/handlers/patient/get_patient_by_email_handler.go:12.16,15.3 2 0
github.com/carlosclavijo/Nutricenter-Contracting/internal/infrastructure/handlers/patient/get_patient_by_email_handler.go:17.2,18.24 2 0
github.com/carlosclavijo/Nutricenter-Contracting/internal/infrastructure/handlers/patient/get_patient_by_id_handler.go:10.119,12.16 2 0
github.com/carlosclavijo/Nutricenter-Contracting/internal/infrastructure/handlers/patient/get_patient_by_id_handler.go:12.16,15.3 2 0
github.com/carlosclavijo/Nutricenter-Contracting/internal/infrastructure/handlers/patient/get_patient_by_id_handler.go:17.2,18.25 2 0
github.com/carlosclavijo/Nutricenter-Contracting/internal/infrastructure/handlers/patient/patient_handler.go:10.97,15.2 1 0
github.com/carlosclavijo/Nutricenter-Contracting/internal/infrastructure/handlers/contract/contract_handler.go:16.181,23.2 1 0
github.com/carlosclavijo/Nutricenter-Contracting/internal/infrastructure/handlers/contract/get_all_contracts_handler.go:12.123,16.16 3 0
github.com/carlosclavijo/Nutricenter-Contracting/internal/infrastructure/handlers/contract/get_all_contracts_handler.go:16.16,19.3 2 0
github.com/carlosclavijo/Nutricenter-Contracting/internal/infrastructure/handlers/contract/get_all_contracts_handler.go:21.2,21.27 1 0
github.com/carlosclavijo/Nutricenter-Contracting/internal/infrastructure/handlers/contract/get_all_contracts_handler.go:21.27,23.17 2 0
github.com/carlosclavijo/Nutricenter-Contracting/internal/infrastructure/handlers/contract/get_all_contracts_handler.go:23.17,26.4 2 0
github.com/carlosclavijo/Nutricenter-Contracting/internal/infrastructure/handlers/contract/get_all_contracts_handler.go:28.3,29.17 2 0
github.com/carlosclavijo/Nutricenter-Contracting/internal/infrastructure/handlers/contract/get_all_contracts_handler.go:29.17,32.4 2 0
github.com/carlosclavijo/Nutricenter-Contracting/internal/infrastructure/handlers/contract/get_all_contracts_handler.go:34.3,38.54 4 0
github.com/carlosclavijo/Nutricenter-Contracting/internal/infrastructure/handlers/contract/get_all_contracts_handler.go:38.54,41.4 2 0
github.com/carlosclavijo/Nutricenter-Contracting/internal/infrastructure/handlers/contract/get_all_contracts_handler.go:43.3,44.51 2 0
github.com/carlosclavijo/Nutricenter-Contracting/internal/infrastructure/handlers/contract/get_all_contracts_handler.go:47.2,47.26 1 0
github.com/carlosclavijo/Nutricenter-Contracting/internal/infrastructure/handlers/contract/get_contract_by_id_handler.go:12.122,14.16 2 0
github.com/carlosclavijo/Nutricenter-Contracting/internal/infrastructure/handlers/contract/get_contract_by_id_handler.go:14.16,17.3 2 0
github.com/carlosclavijo/Nutricenter-Contracting/internal/infrastructure/handlers/contract/get_contract_by_id_handler.go:19.2,20.16 2 0
github.com/carlosclavijo/Nutricenter-Contracting/internal/infrastructure/handlers/contract/get_contract_by_id_handler.go:20.16,23.3 2 0
github.com/carlosclavijo/Nutricenter-Contracting/internal/infrastructure/handlers/contract/get_contract_by_id_handler.go:25.2,26.16 2 0
github.com/carlosclavijo/Nutricenter-Contracting/internal/infrastructure/handlers/contract/get_contract_by_id_handler.go:26.16,29.3 2 0
github.com/carlosclavijo/Nutricenter-Contracting/internal/infrastructure/handlers/contract/get_contract_by_id_handler.go:31.2,35.49 4 0
github.com/carlosclavijo/Nutricenter-Contracting/internal/infrastructure/handlers/contract/get_contract_by_id_handler.go:35.49,38.3 2 0
github.com/carlosclavijo/Nutricenter-Contracting/internal/infrastructure/handlers/contract/get_contract_by_id_handler.go:40.2,42.25 2 0
github.com/carlosclavijo/Nutricenter-Contracting/internal/web/controllers/administrator_controller.go:26.67,32.2 5 0
github.com/carlosclavijo/Nutricenter-Contracting/internal/web/controllers/administrator_controller.go:49.96,53.16 3 0
github.com/carlosclavijo/Nutricenter-Contracting/internal/web/controllers/administrator_controller.go:53.16,63.3 3 0
github.com/carlosclavijo/Nutricenter-Contracting/internal/web/controllers/administrator_controller.go:65.2,69.4 1 0
github.com/carlosclavijo/Nutricenter-Contracting/internal/web/controllers/administrator_controller.go:72.97,76.16 3 0
github.com/carlosclavijo/Nutricenter-Contracting/internal/web/controllers/administrator_controller.go:76.16,86.3 3 0
github.com/carlosclavijo/Nutricenter-Contracting/internal/web/controllers/administrator_controller.go:88.2,92.4 1 0
github.com/carlosclavijo/Nutricenter-Contracting/internal/web/controllers/administrator_controller.go:95.96,99.16 3 0
github.com/carlosclavijo/Nutricenter-Contracting/internal/web/controllers/administrator_controller.go:99.16,109.3 3 0
github.com/carlosclavijo/Nutricenter-Contracting/internal/web/controllers/administrator_controller.go:111.2,113.16 3 0
github.com/carlosclavijo/Nutricenter-Contracting/internal/web/controllers/administrator_controller.go:113.16,123.3 3 0
github.com/carlosclavijo/Nutricenter-Contracting/internal/web/controllers/administrator_controller.go:125.2,128.4 1 0
github.com/carlosclavijo/Nutricenter-Contracting/internal/web/controllers/administrator_controller.go:131.99,135.16 4 0
github.com/carlosclavijo/Nutricenter-Contracting/internal/web/controllers/administrator_controller.go:135.16,145.3 3 0
github.com/carlosclavijo/Nutricenter-Contracting/internal/web/controllers/administrator_controller.go:147.2,150.4 1 0
github.com/carlosclavijo/Nutricenter-Contracting/internal/web/controllers/administrator_controller.go:153.98,156.16 3 0
github.com/carlosclavijo/Nutricenter-Contracting/internal/web/controllers/administrator_controller.go:156.16,166.3 3 0
github.com/carlosclavijo/Nutricenter-Contracting/internal/web/controllers/administrator_controller.go:168.2,170.16 3 0
github.com/carlosclavijo/Nutricenter-Contracting/internal/web/controllers/administrator_controller.go:170.16,180.3 3 0
github.com/carlosclavijo/Nutricenter-Contracting/internal/web/controllers/administrator_controller.go:182.2,185.4 1 0
github.com/carlosclavijo/Nutricenter-Contracting/internal/web/controllers/administrator_controller.go:188.101,193.16 4 0
github.com/carlosclavijo/Nutricenter-Contracting/internal/web/controllers/administrator_controller.go:193.16,203.3 3 0
github.com/carlosclavijo/Nutricenter-Contracting/internal/web/controllers/administrator_controller.go:205.2,208.4 1 0
github.com/carlosclavijo/Nutricenter-Contracting/internal/web/controllers/administrator_controller.go:211.94,217.61 2 0
github.com/carlosclavijo/Nutricenter-Contracting/internal/web/controllers/administrator_controller.go:217.61,227.3 3 0
github.com/carlosclavijo/Nutricenter-Contracting/internal/web/controllers/administrator_controller.go:229.2,235.16 3 0
github.com/carlosclavijo/Nutricenter-Contracting/internal/web/controllers/administrator_controller.go:235.16,245.3 3 0
github.com/carlosclavijo/Nutricenter-Contracting/internal/web/controllers/administrator_controller.go:247.2,250.4 1 0
github.com/carlosclavijo/Nutricenter-Contracting/internal/web/controllers/administrator_controller.go:253.95,264.61 2 0
github.com/carlosclavijo/Nutricenter-Contracting/internal/web/controllers/administrator_controller.go:264.61,274.3 3 0
github.com/carlosclavijo/Nutricenter-Contracting/internal/web/controllers/administrator_controller.go:276.2,287.16 3 0
github.com/carlosclavijo/Nutricenter-Contracting/internal/web/controllers/administrator_controller.go:287.16,297.3 3 0
github.com/carlosclavijo/Nutricenter-Contracting/internal/web/controllers/administrator_controller.go:299.2,303.4 2 0
github.com/carlosclavijo/Nutricenter-Contracting/internal/web/controllers/administrator_controller.go:306.95,318.61 2 0
github.com/carlosclavijo/Nutricenter-Contracting/internal/web/controllers/administrator_controller.go:318.61,328.3 3 0
github.com/carlosclavijo/Nutricenter-Contracting/internal/web/controllers/administrator_controller.go:330.2,331.16 2 0
github.com/carlosclavijo/Nutricenter-Contracting/internal/web/controllers/administrator_controller.go:331.16,341.3 3 0
github.com/carlosclavijo/Nutricenter-Contracting/internal/web/controllers/administrator_controller.go:343.2,354.16 3 0
github.com/carlosclavijo/Nutricenter-Contracting/internal/web/controllers/administrator_controller.go:354.16,364.3 3 0
github.com/carlosclavijo/Nutricenter-Contracting/internal/web/controllers/administrator_controller.go:366.2,370.4 2 0
github.com/carlosclavijo/Nutricenter-Contracting/internal/web/controllers/administrator_controller.go:373.95,376.16 3 0
github.com/carlosclavijo/Nutricenter-Contracting/internal/web/controllers/administrator_controller.go:376.16,386.3 3 0
github.com/carlosclavijo/Nutricenter-Contracting/internal/web/controllers/administrator_controller.go:388.2,389.16 2 0
github.com/carlosclavijo/Nutricenter-Contracting/internal/web/controllers/administrator_controller.go:389.16,399.3 3 0
github.com/carlosclavijo/Nutricenter-Contracting/internal/web/controllers/administrator_controller.go:401.2,405.4 2 0
github.com/carlosclavijo/Nutricenter-Contracting/internal/web/controllers/administrator_controller.go:408.96,412.16 4 0
github.com/carlosclavijo/Nutricenter-Contracting/internal/web/controllers/administrator_controller.go:412.16,422.3 3 0
github.com/carlosclavijo/Nutricenter-Contracting/internal/web/controllers/administrator_controller.go:424.2,425.16 2 0
github.com/carlosclavijo/Nutricenter-Contracting/internal/web/controllers/administrator_controller.go:425.16,435.3 3 0
github.com/carlosclavijo/Nutricenter-Contracting/internal/web/controllers/administrator_controller.go:437.2,441.4 2 0
github.com/carlosclavijo/Nutricenter-Contracting/internal/web/controllers/administrator_controller.go:444.98,447.16 3 0
github.com/carlosclavijo/Nutricenter-Contracting/internal/web/controllers/administrator_controller.go:447.16,457.3 3 0
github.com/carlosclavijo/Nutricenter-Contracting/internal/web/controllers/administrator_controller.go:459.2,462.4 1 0
github.com/carlosclavijo/Nutricenter-Contracting/internal/web/controllers/administrator_controller.go:465.101,468.16 3 0
github.com/carlosclavijo/Nutricenter-Contracting/internal/web/controllers/administrator_controller.go:468.16,478.3 3 0
github.com/carlosclavijo/Nutricenter-Contracting/internal/web/controllers/administrator_controller.go:480.2,483.4 1 0
github.com/carlosclavijo/Nutricenter-Contracting/internal/web/controllers/administrator_controller.go:486.102,489.16 3 0
github.com/carlosclavijo/Nutricenter-Contracting/internal/web/controllers/administrator_controller.go:489.16,499.3 3 0
github.com/carlosclavijo/Nutricenter-Contracting/internal/web/controllers/administrator_controller.go:501.2,504.4 1 0
github.com/carlosclavijo/Nutricenter-Contracting/internal/web/controllers/administrator_controller.go:507.64,510.59 3 0
github.com/carlosclavijo/Nutricenter-Contracting/internal/web/controllers/administrator_controller.go:510.59,513.3 2 0
github.com/carlosclavijo/Nutricenter-Contracting/internal/web/controllers/administrator_controller.go:516.68,518.26 2 0
github.com/carlosclavijo/Nutricenter-Contracting/internal/web/controllers/administrator_controller.go:518.26,521.3 2 0
github.com/carlosclavijo/Nutricenter-Contracting/internal/web/controllers/administrator_controller.go:523.2,536.3 1 0
github.com/carlosclavijo/Nutricenter-Contracting/internal/web/controllers/administrator_controller.go:539.64,554.2 14 0
github.com/carlosclavijo/Nutricenter-Contracting/internal/web/controllers/contract_controller.go:55.57,63.2 7 0
github.com/carlosclavijo/Nutricenter-Contracting/internal/web/controllers/contract_controller.go:65.86,69.16 3 0
github.com/carlosclavijo/Nutricenter-Contracting/internal/web/controllers/contract_controller.go:69.16,79.3 3 0
github.com/carlosclavijo/Nutricenter-Contracting/internal/web/controllers/contract_controller.go:81.2,85.4 1 0
github.com/carlosclavijo/Nutricenter-Contracting/internal/web/controllers/contract_controller.go:88.86,91.16 3 0
github.com/carlosclavijo/Nutricenter-Contracting/internal/web/controllers/contract_controller.go:91.16,101.3 3 0
github.com/carlosclavijo/Nutricenter-Contracting/internal/web/controllers/contract_controller.go:103.2,105.16 3 0
github.com/carlosclavijo/Nutricenter-Contracting/internal/web/controllers/contract_controller.go:105.16,115.3 3 0
github.com/carlosclavijo/Nutricenter-Contracting/internal/web/controllers/contract_controller.go:117.2,120.4 1 0
github.com/carlosclavijo/Nutricenter-Contracting/internal/web/controllers/contract_controller.go:123.85,136.61 2 0
github.com/carlosclavijo/Nutricenter-Contracting/internal/web/controllers/contract_controller.go:136.61,146.3 3 0
github.com/carlosclavijo/Nutricenter-Contracting/internal/web/controllers/contract_controller.go:148.2,161.16 3 0
github.com/carlosclavijo/Nutricenter-Contracting/internal/web/controllers/contract_controller.go:161.16,171.3 3 0
github.com/carlosclavijo/Nutricenter-Contracting/internal/web/controllers/contract_controller.go:173.2,177.4 2 0
github.com/carlosclavijo/Nutricenter-Contracting/internal/web/controllers/contract_controller.go:180.91,186.61 2 0
github.com/carlosclavijo/Nutricenter-Contracting/internal/web/controllers/contract_controller.go:186.61,196.3 3 0
github.com/carlosclavijo/Nutricenter-Contracting/internal/web/controllers/contract_controller.go:198.2,204.16 3 0
github.com/carlosclavijo/Nutricenter-Contracting/internal/web/controllers/contract_controller.go:204.16,214.3 3 0
github.com/carlosclavijo/Nutricenter-Contracting/internal/web/controllers/contract_controller.go:216.2,220.4 2 0
github.com/carlosclavijo/Nutricenter-Contracting/internal/web/controllers/contract_controller.go:223.60,225.35 2 0
github.com/carlosclavijo/Nutricenter-Contracting/internal/web/controllers/contract_controller.go:225.35,240.3 3 0
github.com/carlosclavijo/Nutricenter-Contracting/internal/web/controllers/contract_controller.go:241.2,255.3 1 0
github.com/carlosclavijo/Nutricenter-Contracting/internal/web/controllers/contract_controller.go:258.59,263.2 4 0
github.com/carlosclavijo/Nutricenter-Contracting/internal/web/controllers/patient_controller.go:26.55,32.2 5 0
github.com/carlosclavijo/Nutricenter-Contracting/internal/web/controllers/patient_controller.go:49.84,53.16 3 0
github.com/carlosclavijo/Nutricenter-Contracting/internal/web/controllers/patient_controller.go:53.16,63.3 3 0
github.com/carlosclavijo/Nutricenter-Contracting/internal/web/controllers/patient_controller.go:65.2,69.4 1 0
github.com/carlosclavijo/Nutricenter-Contracting/internal/web/controllers/patient_controller.go:72.85,76.16 3 0
github.com/carlosclavijo/Nutricenter-Contracting/internal/web/controllers/patient_controller.go:76.16,86.3 3 0
github.com/carlosclavijo/Nutricenter-Contracting/internal/web/controllers/patient_controller.go:88.2,92.4 1 0
github.com/carlosclavijo/Nutricenter-Contracting/internal/web/controllers/patient_controller.go:95.84,99.16 3 0
github.com/carlosclavijo/Nutricenter-Contracting/internal/web/controllers/patient_controller.go:99.16,109.3 3 0
github.com/carlosclavijo/Nutricenter-Contracting/internal/web/controllers/patient_controller.go:111.2,113.16 3 0
github.com/carlosclavijo/Nutricenter-Contracting/internal/web/controllers/patient_controller.go:113.16,123.3 3 0
github.com/carlosclavijo/Nutricenter-Contracting/internal/web/controllers/patient_controller.go:125.2,128.4 1 0
github.com/carlosclavijo/Nutricenter-Contracting/internal/web/controllers/patient_controller.go:131.87,135.16 4 0
github.com/carlosclavijo/Nutricenter-Contracting/internal/web/controllers/patient_controller.go:135.16,145.3 3 0
github.com/carlosclavijo/Nutricenter-Contracting/internal/web/controllers/patient_controller.go:147.2,150.4 1 0
github.com/carlosclavijo/Nutricenter-Contracting/internal/web/controllers/patient_controller.go:153.86,156.16 3 0
github.com/carlosclavijo/Nutricenter-Contracting/internal/web/controllers/patient_controller.go:156.16,166.3 3 0
github.com/carlosclavijo/Nutricenter-Contracting/internal/web/controllers/patient_controller.go:168.2,170.16 3 0
github.com/carlosclavijo/Nutricenter-Contracting/internal/web/controllers/patient_controller.go:170.16,180.3 3 0
github.com/carlosclavijo/Nutricenter-Contracting/internal/web/controllers/patient_controller.go:182.2,185.4 1 0
github.com/carlosclavijo/Nutricenter-Contracting/internal/web/controllers/patient_controller.go:188.89,193.16 4 0
github.com/carlosclavijo/Nutricenter-Contracting/internal/web/controllers/patient_controller.go:193.16,203.3 3 0
github.com/carlosclavijo/Nutricenter-Contracting/internal/web/controllers/patient_controller.go:205.2,208.4 1 0
github.com/carlosclavijo/Nutricenter-Contracting/internal/web/controllers/patient_controller.go:211.82,217.61 2 0
github.com/carlosclavijo/Nutricenter-Contracting/internal/web/controllers/patient_controller.go:217.61,227.3 3 0
github.com/carlosclavijo/Nutricenter-Contracting/internal/web/controllers/patient_controller.go:229.2,235.16 3 0
github.com/carlosclavijo/Nutricenter-Contracting/internal/web/controllers/patient_controller.go:235.16,245.3 3 0
github.com/carlosclavijo/Nutricenter-Contracting/internal/web/controllers/patient_controller.go:247.2,250.4 1 0
github.com/carlosclavijo/Nutricenter-Contracting/internal/web/controllers/patient_controller.go:253.83,264.61 2 0
github.com/carlosclavijo/Nutricenter-Contracting/internal/web/controllers/patient_controller.go:264.61,274.3 3 0
github.com/carlosclavijo/Nutricenter-Contracting/internal/web/controllers/patient_controller.go:276.2,287.16 3 0
github.com/carlosclavijo/Nutricenter-Contracting/internal/web/controllers/patient_controller.go:287.16,297.3 3 0
github.com/carlosclavijo/Nutricenter-Contracting/internal/web/controllers/patient_controller.go:299.2,303.4 2 0
github.com/carlosclavijo/Nutricenter-Contracting/internal/web/controllers/patient_controller.go:306.83,318.61 2 0
github.com/carlosclavijo/Nutricenter-Contracting/internal/web/controllers/patient_controller.go:318.61,328.3 3 0
github.com/carlosclavijo/Nutricenter-Contracting/internal/web/controllers/patient_controller.go:330.2,331.16 2 0
github.com/carlosclavijo/Nutricenter-Contracting/internal/web/controllers/patient_controller.go:331.16,341.3 3 0
github.com/carlosclavijo/Nutricenter-Contracting/internal/web/controllers/patient_controller.go:343.2,354.16 3 0
github.com/carlosclavijo/Nutricenter-Contracting/internal/web/controllers/patient_controller.go:354.16,364.3 3 0
github.com/carlosclavijo/Nutricenter-Contracting/internal/web/controllers/patient_controller.go:366.2,370.4 2 0
github.com/carlosclavijo/Nutricenter-Contracting/internal/web/controllers/patient_controller.go:373.83,376.16 3 0
github.com/carlosclavijo/Nutricenter-Contracting/internal/web/controllers/patient_controller.go:376.16,386.3 3 0
github.com/carlosclavijo/Nutricenter-Contracting/internal/web/controllers/patient_controller.go:388.2,389.16 2 0
github.com/carlosclavijo/Nutricenter-Contracting/internal/web/controllers/patient_controller.go:389.16,399.3 3 0
github.com/carlosclavijo/Nutricenter-Contracting/internal/web/controllers/patient_controller.go:401.2,405.4 2 0
github.com/carlosclavijo/Nutricenter-Contracting/internal/web/controllers/patient_controller.go:408.84,412.16 4 0
github.com/carlosclavijo/Nutricenter-Contracting/internal/web/controllers/patient_controller.go:412.16,422.3 3 0
github.com/carlosclavijo/Nutricenter-Contracting/internal/web/controllers/patient_controller.go:424.2,425.16 2 0
github.com/carlosclavijo/Nutricenter-Contracting/internal/web/controllers/patient_controller.go:425.16,435.3 3 0
github.com/carlosclavijo/Nutricenter-Contracting/internal/web/controllers/patient_controller.go:437.2,441.4 2 0
github.com/carlosclavijo/Nutricenter-Contracting/internal/web/controllers/patient_controller.go:444.86,447.16 3 0
github.com/carlosclavijo/Nutricenter-Contracting/internal/web/controllers/patient_controller.go:447.16,457.3 3 0
github.com/carlosclavijo/Nutricenter-Contracting/internal/web/controllers/patient_controller.go:459.2,462.4 1 0
github.com/carlosclavijo/Nutricenter-Contracting/internal/web/controllers/patient_controller.go:465.89,468.16 3 0
github.com/carlosclavijo/Nutricenter-Contracting/internal/web/controllers/patient_controller.go:468.16,478.3 3 0
github.com/carlosclavijo/Nutricenter-Contracting/internal/web/controllers/patient_controller.go:480.2,483.4 1 0
github.com/carlosclavijo/Nutricenter-Contracting/internal/web/controllers/patient_controller.go:486.90,489.16 3 0
github.com/carlosclavijo/Nutricenter-Contracting/internal/web/controllers/patient_controller.go:489.16,499.3 3 0
github.com/carlosclavijo/Nutricenter-Contracting/internal/web/controllers/patient_controller.go:501.2,504.4 1 0
github.com/carlosclavijo/Nutricenter-Contracting/internal/web/controllers/patient_controller.go:507.60,509.26 2 0
github.com/carlosclavijo/Nutricenter-Contracting/internal/web/controllers/patient_controller.go:509.26,512.3 2 0
github.com/carlosclavijo/Nutricenter-Contracting/internal/web/controllers/patient_controller.go:514.2,527.3 1 0
github.com/carlosclavijo/Nutricenter-Contracting/internal/web/controllers/patient_controller.go:530.58,545.2 14 0
github.com/carlosclavijo/Nutricenter-Contracting/internal/infrastructure/handlers/administrator/administrator_handler.go:10.133,15.2 1 0
github.com/carlosclavijo/Nutricenter-Contracting/internal/infrastructure/handlers/administrator/count_active_administrators_handler.go:9.130,11.16 2 0
github.com/carlosclavijo/Nutricenter-Contracting/internal/infrastructure/handlers/administrator/count_active_administrators_handler.go:11.16,14.3 2 0
github.com/carlosclavijo/Nutricenter-Contracting/internal/infrastructure/handlers/administrator/count_active_administrators_handler.go:15.2,15.19 1 0
github.com/carlosclavijo/Nutricenter-Contracting/internal/infrastructure/handlers/administrator/count_all_administrators_handler.go:9.122,11.16 2 0
github.com/carlosclavijo/Nutricenter-Contracting/internal/infrastructure/handlers/administrator/count_all_administrators_handler.go:11.16,14.3 2 0
github.com/carlosclavijo/Nutricenter-Contracting/internal/infrastructure/handlers/administrator/count_all_administrators_handler.go:15.2,15.19 1 0
github.com/carlosclavijo/Nutricenter-Contracting/internal/infrastructure/handlers/administrator/count_deleted_administrators_handler.go:9.130,11.16 2 0
github.com/carlosclavijo/Nutricenter-Contracting/internal/infrastructure/handlers/administrator/count_deleted_administrators_handler.go:11.16,14.3 2 0
github.com/carlosclavijo/Nutricenter-Contracting/internal/infrastructure/handlers/administrator/count_deleted_administrators_handler.go:15.2,15.19 1 0
github.com/carlosclavijo/Nutricenter-Contracting/internal/infrastructure/handlers/administrator/exist_administrator_by_email.go:9.130,11.16 2 0
github.com/carlosclavijo/Nutricenter-Contracting/internal/infrastructure/handlers/administrator/exist_administrator_by_email.go:11.16,14.3 2 0
github.com/carlosclavijo/Nutricenter-Contracting/internal/infrastructure/handlers/administrator/exist_administrator_by_email.go:15.2,15.19 1 0
github.com/carlosclavijo/Nutricenter-Contracting/internal/infrastructure/handlers/administrator/exist_administrator_by_id_handler.go:9.124,11.16 2 0
github.com/carlosclavijo/Nutricenter-Contracting/internal/infrastructure/handlers/administrator/exist_administrator_by_id_handler.go:11.16,14.3 2 0
github.com/carlosclavijo/Nutricenter-Contracting/internal/infrastructure/handlers/administrator/exist_administrator_by_id_handler.go:15.2,15.19 1 0
github.com/carlosclavijo/Nutricenter-Contracting/internal/infrastructure/handlers/administrator/get_administrator_by_email_handler.go:10.143,12.16 2 0
github.com/carlosclavijo/Nutricenter-Contracting/internal/infrastructure/handlers/administrator/get_administrator_by_email_handler.go:12.16,15.3 2 0
github.com/carlosclavijo/Nutricenter-Contracting/internal/infrastructure/handlers/administrator/get_administrator_by_email_handler.go:17.2,19.30 2 0
github.com/carlosclavijo/Nutricenter-Contracting/internal/infrastructure/handlers/administrator/get_administrator_by_id_handler.go:10.137,12.16 2 0
github.com/carlosclavijo/Nutricenter-Contracting/internal/infrastructure/handlers/administrator/get_administrator_by_id_handler.go:12.16,15.3 2 0
github.com/carlosclavijo/Nutricenter-Contracting/internal/infrastructure/handlers/administrator/get_administrator_by_id_handler.go:17.2,19.22 2 0
github.com/carlosclavijo/Nutricenter-Contracting/internal/infrastructure/handlers/administrator/get_all_administrators_handler.go:10.138,12.16 2 0
github.com/carlosclavijo/Nutricenter-Contracting/internal/infrastructure/handlers/administrator/get_all_administrators_handler.go:12.16,15.3 2 0
github.com/carlosclavijo/Nutricenter-Contracting/internal/infrastructure/handlers/administrator/get_all_administrators_handler.go:17.2,18.39 2 0
github.com/carlosclavijo/Nutricenter-Contracting/internal/infrastructure/handlers/administrator/get_all_administrators_handler.go:18.39,21.3 2 0
github.com/carlosclavijo/Nutricenter-Contracting/internal/infrastructure/handlers/administrator/get_all_administrators_handler.go:23.2,23.23 1 0
github.com/carlosclavijo/Nutricenter-Contracting/internal/infrastructure/handlers/administrator/get_list_administrators_handler.go:10.140,12.16 2 0
github.com/carlosclavijo/Nutricenter-Contracting/internal/infrastructure/handlers/administrator/get_list_administrators_handler.go:12.16,15.3 2 0
github.com/carlosclavijo/Nutricenter-Contracting/internal/infrastructure/handlers/administrator/get_list_administrators_handler.go:17.2,18.39 2 0
github.com/carlosclavijo/Nutricenter-Contracting/internal/infrastructure/handlers/administrator/get_list_administrators_handler.go:18.39,21.3 2 0
github.com/carlosclavijo/Nutricenter-Contracting/internal/infrastructure/handlers/administrator/get_list_administrators_handler.go:23.2,23.23 1 0
